Log file open, 07/08/20 18:07:24
LogInit: Display: Running engine for game: Rune
LogPlatformFile: Not using cached read wrapper
LogTaskGraph: Started task graph with 5 named threads and 23 total threads with 3 sets of task threads.
LogStats: Stats thread started at 1.367065
LogD3D11RHI: Loaded GFSDK_Aftermath_Lib.x64.dll
LogICUInternationalization: ICU TimeZone Detection - Raw Offset: +1:00, Platform Override: ''
LogPluginManager: Mounting plugin Paper2D
LogPluginManager: Mounting plugin AISupport
LogPluginManager: Mounting plugin LightPropagationVolume
LogPluginManager: Mounting plugin CameraShakePreviewer
LogPluginManager: Mounting plugin ActorLayerUtilities
LogPluginManager: Mounting plugin AnimationSharing
LogPluginManager: Mounting plugin CLionSourceCodeAccess
LogPluginManager: Mounting plugin CodeLiteSourceCodeAccess
LogPluginManager: Mounting plugin GitSourceControl
LogPluginManager: Mounting plugin KDevelopSourceCodeAccess
LogPluginManager: Mounting plugin NullSourceCodeAccess
LogPluginManager: Mounting plugin PerforceSourceControl
LogPluginManager: Mounting plugin PlasticSourceControl
LogPluginManager: Mounting plugin RiderSourceCodeAccess
LogPluginManager: Mounting plugin SubversionSourceControl
LogPluginManager: Mounting plugin UObjectPlugin
LogPluginManager: Mounting plugin VisualStudioCodeSourceCodeAccess
LogPluginManager: Mounting plugin VisualStudioSourceCodeAccess
LogPluginManager: Mounting plugin XCodeSourceCodeAccess
LogPluginManager: Mounting plugin AssetManagerEditor
LogPluginManager: Mounting plugin CryptoKeys
LogPluginManager: Mounting plugin CurveEditorTools
LogPluginManager: Mounting plugin DataValidation
LogPluginManager: Mounting plugin EditorScriptingUtilities
LogPluginManager: Mounting plugin FacialAnimation
LogPluginManager: Mounting plugin GameplayTagsEditor
LogPluginManager: Mounting plugin GeometryMode
LogPluginManager: Mounting plugin MacGraphicsSwitching
LogPluginManager: Mounting plugin MaterialAnalyzer
LogPluginManager: Mounting plugin MobileLauncherProfileWizard
LogPluginManager: Mounting plugin PluginBrowser
LogPluginManager: Mounting plugin SpeedTreeImporter
LogPluginManager: Mounting plugin DatasmithContent
LogPluginManager: Mounting plugin VariantManagerContent
LogPluginManager: Mounting plugin AlembicImporter
LogPluginManager: Mounting plugin AutomationUtils
LogPluginManager: Mounting plugin BackChannel
LogPluginManager: Mounting plugin ChaosCloth
LogPluginManager: Mounting plugin ChaosClothEditor
LogPluginManager: Mounting plugin ChaosEditor
LogPluginManager: Mounting plugin ChaosNiagara
LogPluginManager: Mounting plugin ChaosSolverPlugin
LogPluginManager: Mounting plugin CharacterAI
LogPluginManager: Mounting plugin GeometryCache
LogPluginManager: Mounting plugin GeometryCollectionPlugin
LogPluginManager: Mounting plugin GeometryProcessing
LogPluginManager: Mounting plugin PlanarCut
LogPluginManager: Mounting plugin PlatformCrypto
LogPluginManager: Mounting plugin ProxyLODPlugin
LogPluginManager: Mounting plugin SkeletalReduction
LogPluginManager: Mounting plugin Niagara
LogPluginManager: Mounting plugin MagicLeap
LogPluginManager: Mounting plugin MagicLeapLightEstimation
LogPluginManager: Mounting plugin MagicLeapMedia
LogPluginManager: Mounting plugin MagicLeapPassableWorld
LogPluginManager: Mounting plugin MLSDK
LogPluginManager: Mounting plugin Substance
LogPluginManager: Mounting plugin AndroidMedia
LogPluginManager: Mounting plugin AvfMedia
LogPluginManager: Mounting plugin ImgMedia
LogPluginManager: Mounting plugin MediaCompositing
LogPluginManager: Mounting plugin MediaPlayerEditor
LogPluginManager: Mounting plugin WebMMedia
LogPluginManager: Mounting plugin WmfMedia
LogPluginManager: Mounting plugin MeshPainting
LogPluginManager: Mounting plugin TcpMessaging
LogPluginManager: Mounting plugin UdpMessaging
LogPluginManager: Mounting plugin ActorSequence
LogPluginManager: Mounting plugin LevelSequenceEditor
LogPluginManager: Mounting plugin MatineeToLevelSequence
LogPluginManager: Mounting plugin MovieRenderPipeline
LogPluginManager: Mounting plugin TemplateSequence
LogPluginManager: Mounting plugin NetcodeUnitTest
LogPluginManager: Mounting plugin NUTUnrealEngine4
LogPluginManager: Mounting plugin OnlineSubsystemGooglePlay
LogPluginManager: Mounting plugin OnlineSubsystemIOS
LogPluginManager: Mounting plugin OnlineSubsystem
LogPluginManager: Mounting plugin OnlineSubsystemNull
LogPluginManager: Mounting plugin OnlineSubsystemUtils
LogPluginManager: Mounting plugin LauncherChunkInstaller
LogPluginManager: Mounting plugin AndroidDeviceProfileSelector
LogPluginManager: Mounting plugin AndroidMoviePlayer
LogPluginManager: Mounting plugin AndroidPermission
LogPluginManager: Mounting plugin AppleImageUtils
LogPluginManager: Mounting plugin AppleMoviePlayer
LogPluginManager: Mounting plugin ArchVisCharacter
LogPluginManager: Mounting plugin AssetTags
LogPluginManager: Mounting plugin AudioCapture
LogPluginManager: Mounting plugin CableComponent
LogPluginManager: Mounting plugin CustomMeshComponent
LogPluginManager: Mounting plugin EditableMesh
LogPluginManager: Mounting plugin ExampleDeviceProfileSelector
LogPluginManager: Mounting plugin GoogleCloudMessaging
LogPluginManager: Mounting plugin GooglePAD
LogPluginManager: Mounting plugin IOSDeviceProfileSelector
LogPluginManager: Mounting plugin LinuxDeviceProfileSelector
LogPluginManager: Mounting plugin LocationServicesBPLibrary
LogPluginManager: Mounting plugin MobilePatchingUtils
LogPluginManager: Mounting plugin OculusVR
LogPluginManager: Mounting plugin PhysXVehicles
LogPluginManager: Mounting plugin PostSplashScreen
LogPluginManager: Mounting plugin ProceduralMeshComponent
LogPluginManager: Mounting plugin RuntimePhysXCooking
LogPluginManager: Mounting plugin SignificanceManager
LogPluginManager: Mounting plugin SoundFields
LogPluginManager: Mounting plugin SteamVR
LogPluginManager: Mounting plugin Synthesis
LogPluginManager: Mounting plugin WebMMoviePlayer
LogPluginManager: Mounting plugin WindowsMoviePlayer
LogPluginManager: Mounting plugin ScreenshotTools
LogInit: Using libcurl 7.55.1-DEV
LogInit:  - built for x86_64-pc-win32
LogInit:  - supports SSL with OpenSSL/1.1.1
LogInit:  - supports HTTP deflate (compression) using libz 1.2.8
LogInit:  - other features:
LogInit:      CURL_VERSION_SSL
LogInit:      CURL_VERSION_LIBZ
LogInit:      CURL_VERSION_IPV6
LogInit:      CURL_VERSION_ASYNCHDNS
LogInit:      CURL_VERSION_LARGEFILE
LogInit:      CURL_VERSION_IDN
LogInit:  CurlRequestOptions (configurable via config and command line):
LogInit:  - bVerifyPeer = true  - Libcurl will verify peer certificate
LogInit:  - bUseHttpProxy = false  - Libcurl will NOT use HTTP proxy
LogInit:  - bDontReuseConnections = false  - Libcurl will reuse connections
LogInit:  - MaxHostConnections = 16  - Libcurl will limit the number of connections to a host
LogInit:  - LocalHostAddr = Default
LogInit:  - BufferSize = 65536
LogOnline: OSS: Creating online subsystem instance for: NULL
LogInit: WinSock: version 1.1 (2.2), MaxSocks=32767, MaxUdp=65467
LogOnline: OSS: TryLoadSubsystemAndSetDefault: Loaded subsystem for module [NULL]
LogInit: Build: ++UE4+Release-4.25-CL-13594126
LogInit: Engine Version: 4.25.1-13594126+++UE4+Release-4.25
LogInit: Compatible Engine Version: 4.25.0-13144385+++UE4+Release-4.25
LogInit: Net CL: 13144385
LogInit: OS: Windows 10 (Release 1903) (), CPU: Intel(R) Core(TM) i7-7700HQ CPU @ 2.80GHz, GPU: Intel(R) HD Graphics 630
LogInit: Compiled (64-bit): Jun  2 2020 02:10:36
LogInit: Compiled with Visual C++: 19.24.28315.00
LogInit: Build Configuration: Development
LogInit: Branch Name: ++UE4+Release-4.25
LogInit: Command Line: 
LogInit: Base Directory: D:/game/Epic Games/UE_4.25/Engine/Binaries/Win64/
LogInit: Allocator: TBB
LogInit: Installed Engine Build: 1
LogDevObjectVersion: Number of dev versions registered: 26
LogDevObjectVersion:   Dev-Blueprints (B0D832E4-1F89-4F0D-ACCF-7EB736FD4AA2): 10
LogDevObjectVersion:   Dev-Build (E1C64328-A22C-4D53-A36C-8E866417BD8C): 0
LogDevObjectVersion:   Dev-Core (375EC13C-06E4-48FB-B500-84F0262A717E): 4
LogDevObjectVersion:   Dev-Editor (E4B068ED-F494-42E9-A231-DA0B2E46BB41): 38
LogDevObjectVersion:   Dev-Framework (CFFC743F-43B0-4480-9391-14DF171D2073): 37
LogDevObjectVersion:   Dev-Mobile (B02B49B5-BB20-44E9-A304-32B752E40360): 2
LogDevObjectVersion:   Dev-Networking (A4E4105C-59A1-49B5-A7C5-40C4547EDFEE): 0
LogDevObjectVersion:   Dev-Online (39C831C9-5AE6-47DC-9A44-9C173E1C8E7C): 0
LogDevObjectVersion:   Dev-Physics (78F01B33-EBEA-4F98-B9B4-84EACCB95AA2): 4
LogDevObjectVersion:   Dev-Platform (6631380F-2D4D-43E0-8009-CF276956A95A): 0
LogDevObjectVersion:   Dev-Rendering (12F88B9F-8875-4AFC-A67C-D90C383ABD29): 43
LogDevObjectVersion:   Dev-Sequencer (7B5AE74C-D270-4C10-A958-57980B212A5A): 12
LogDevObjectVersion:   Dev-VR (D7296918-1DD6-4BDD-9DE2-64A83CC13884): 3
LogDevObjectVersion:   Dev-LoadTimes (C2A15278-BFE7-4AFE-6C17-90FF531DF755): 1
LogDevObjectVersion:   Private-Geometry (6EACA3D4-40EC-4CC1-B786-8BED09428FC5): 3
LogDevObjectVersion:   Dev-AnimPhys (29E575DD-E0A3-4627-9D10-D276232CDCEA): 17
LogDevObjectVersion:   Dev-Anim (AF43A65D-7FD3-4947-9873-3E8ED9C1BB05): 7
LogDevObjectVersion:   Dev-ReflectionCapture (6B266CEC-1EC7-4B8F-A30B-E4D90942FC07): 1
LogDevObjectVersion:   Dev-Automation (0DF73D61-A23F-47EA-B727-89E90C41499A): 1
LogDevObjectVersion:   FortniteMain (601D1886-AC64-4F84-AA16-D3DE0DEAC7D6): 31
LogDevObjectVersion:   Dev-Enterprise (9DFFBCD6-494F-0158-E221-12823C92A888): 10
LogDevObjectVersion:   Dev-Niagara (F2AED0AC-9AFE-416F-8664-AA7FFA26D6FC): 1
LogDevObjectVersion:   Dev-Destruction (174F1F0B-B4C6-45A5-B13F-2EE8D0FB917D): 10
LogDevObjectVersion:   Dev-Physics-Ext (35F94A83-E258-406C-A318-09F59610247C): 37
LogDevObjectVersion:   Dev-PhysicsMaterial-Chaos (B68FC16E-8B1B-42E2-B453-215C058844FE): 1
LogDevObjectVersion:   Dev-CineCamera (B2E18506-4273-CFC2-A54E-F4BB758BBA07): 1
LogInit: Presizing for max 25165824 objects, including 0 objects not considered by GC, pre-allocating 0 bytes for permanent pool.
LogConfig: Applying CVar settings from Section [/Script/Engine.StreamingSettings] File [D:/Rune/Rune/Saved/Config/Windows/Engine.ini]
LogConfig: Setting CVar [[s.MinBulkDataSizeForAsyncLoading:131072]]
LogConfig: Setting CVar [[s.AsyncLoadingThreadEnabled:0]]
LogConfig: Setting CVar [[s.EventDrivenLoaderEnabled:1]]
LogConfig: Setting CVar [[s.WarnIfTimeLimitExceeded:0]]
LogConfig: Setting CVar [[s.TimeLimitExceededMultiplier:1.5]]
LogConfig: Setting CVar [[s.TimeLimitExceededMinTime:0.005]]
LogConfig: Setting CVar [[s.UseBackgroundLevelStreaming:1]]
LogConfig: Setting CVar [[s.PriorityAsyncLoadingExtraTime:15.0]]
LogConfig: Setting CVar [[s.LevelStreamingActorsUpdateTimeLimit:5.0]]
LogConfig: Setting CVar [[s.PriorityLevelStreamingActorsUpdateExtraTime:5.0]]
LogConfig: Setting CVar [[s.LevelStreamingComponentsRegistrationGranularity:10]]
LogConfig: Setting CVar [[s.UnregisterComponentsTimeLimit:1.0]]
LogConfig: Setting CVar [[s.LevelStreamingComponentsUnregistrationGranularity:5]]
LogConfig: Setting CVar [[s.FlushStreamingOnExit:1]]
LogInit: Object subsystem initialized
LogConfig: Setting CVar [[con.DebugEarlyDefault:1]]
LogConfig: Setting CVar [[r.setres:1280x720]]
[2020.07.08-16.07.24:798][  0]LogConfig: Setting CVar [[r.VSync:0]]
[2020.07.08-16.07.24:798][  0]LogConfig: Setting CVar [[r.RHICmdBypass:0]]
[2020.07.08-16.07.24:798][  0]LogConfig: Applying CVar settings from Section [/Script/Engine.RendererSettings] File [D:/Rune/Rune/Saved/Config/Windows/Engine.ini]
[2020.07.08-16.07.24:798][  0]LogConfig: Setting CVar [[r.GPUCrashDebugging:0]]
[2020.07.08-16.07.24:798][  0]LogConfig: Applying CVar settings from Section [/Script/Engine.RendererOverrideSettings] File [D:/Rune/Rune/Saved/Config/Windows/Engine.ini]
[2020.07.08-16.07.24:798][  0]LogConfig: Applying CVar settings from Section [/Script/Engine.StreamingSettings] File [D:/Rune/Rune/Saved/Config/Windows/Engine.ini]
[2020.07.08-16.07.24:798][  0]LogConfig: Setting CVar [[s.MinBulkDataSizeForAsyncLoading:131072]]
[2020.07.08-16.07.24:798][  0]LogConfig: Setting CVar [[s.AsyncLoadingThreadEnabled:0]]
[2020.07.08-16.07.24:798][  0]LogConfig: Setting CVar [[s.EventDrivenLoaderEnabled:1]]
[2020.07.08-16.07.24:798][  0]LogConfig: Setting CVar [[s.WarnIfTimeLimitExceeded:0]]
[2020.07.08-16.07.24:798][  0]LogConfig: Setting CVar [[s.TimeLimitExceededMultiplier:1.5]]
[2020.07.08-16.07.24:798][  0]LogConfig: Setting CVar [[s.TimeLimitExceededMinTime:0.005]]
[2020.07.08-16.07.24:798][  0]LogConfig: Setting CVar [[s.UseBackgroundLevelStreaming:1]]
[2020.07.08-16.07.24:798][  0]LogConfig: Setting CVar [[s.PriorityAsyncLoadingExtraTime:15.0]]
[2020.07.08-16.07.24:798][  0]LogConfig: Setting CVar [[s.LevelStreamingActorsUpdateTimeLimit:5.0]]
[2020.07.08-16.07.24:798][  0]LogConfig: Setting CVar [[s.PriorityLevelStreamingActorsUpdateExtraTime:5.0]]
[2020.07.08-16.07.24:799][  0]LogConfig: Setting CVar [[s.LevelStreamingComponentsRegistrationGranularity:10]]
[2020.07.08-16.07.24:799][  0]LogConfig: Setting CVar [[s.UnregisterComponentsTimeLimit:1.0]]
[2020.07.08-16.07.24:799][  0]LogConfig: Setting CVar [[s.LevelStreamingComponentsUnregistrationGranularity:5]]
[2020.07.08-16.07.24:799][  0]LogConfig: Setting CVar [[s.FlushStreamingOnExit:1]]
[2020.07.08-16.07.24:799][  0]LogConfig: Applying CVar settings from Section [/Script/Engine.GarbageCollectionSettings] File [D:/Rune/Rune/Saved/Config/Windows/Engine.ini]
[2020.07.08-16.07.24:799][  0]LogConfig: Setting CVar [[gc.MaxObjectsNotConsideredByGC:1]]
[2020.07.08-16.07.24:799][  0]LogConfig: Setting CVar [[gc.SizeOfPermanentObjectPool:0]]
[2020.07.08-16.07.24:799][  0]LogConfig: Setting CVar [[gc.FlushStreamingOnGC:0]]
[2020.07.08-16.07.24:799][  0]LogConfig: Setting CVar [[gc.NumRetriesBeforeForcingGC:10]]
[2020.07.08-16.07.24:799][  0]LogConfig: Setting CVar [[gc.AllowParallelGC:1]]
[2020.07.08-16.07.24:799][  0]LogConfig: Setting CVar [[gc.TimeBetweenPurgingPendingKillObjects:61.1]]
[2020.07.08-16.07.24:799][  0]LogConfig: Setting CVar [[gc.MaxObjectsInEditor:25165824]]
[2020.07.08-16.07.24:799][  0]LogConfig: Setting CVar [[gc.IncrementalBeginDestroyEnabled:1]]
[2020.07.08-16.07.24:799][  0]LogConfig: Setting CVar [[gc.CreateGCClusters:1]]
[2020.07.08-16.07.24:799][  0]LogConfig: Setting CVar [[gc.MinGCClusterSize:5]]
[2020.07.08-16.07.24:799][  0]LogConfig: Setting CVar [[gc.ActorClusteringEnabled:0]]
[2020.07.08-16.07.24:799][  0]LogConfig: Setting CVar [[gc.BlueprintClusteringEnabled:0]]
[2020.07.08-16.07.24:799][  0]LogConfig: Setting CVar [[gc.UseDisregardForGCOnDedicatedServers:0]]
[2020.07.08-16.07.24:799][  0]LogConfig: Applying CVar settings from Section [/Script/Engine.NetworkSettings] File [D:/Rune/Rune/Saved/Config/Windows/Engine.ini]
[2020.07.08-16.07.24:799][  0]LogConfig: Applying CVar settings from Section [/Script/UnrealEd.CookerSettings] File [D:/Rune/Rune/Saved/Config/Windows/Engine.ini]
[2020.07.08-16.07.24:802][  0]LogConfig: Applying CVar settings from Section [ViewDistanceQuality@3] File [D:/Rune/Rune/Saved/Config/Windows/Scalability.ini]
[2020.07.08-16.07.24:802][  0]LogConfig: Setting CVar [[r.SkeletalMeshLODBias:0]]
[2020.07.08-16.07.24:802][  0]LogConfig: Setting CVar [[r.ViewDistanceScale:1.0]]
[2020.07.08-16.07.24:802][  0]LogConfig: Applying CVar settings from Section [AntiAliasingQuality@3] File [D:/Rune/Rune/Saved/Config/Windows/Scalability.ini]
[2020.07.08-16.07.24:802][  0]LogConfig: Setting CVar [[r.PostProcessAAQuality:4]]
[2020.07.08-16.07.24:802][  0]LogConfig: Applying CVar settings from Section [ShadowQuality@3] File [D:/Rune/Rune/Saved/Config/Windows/Scalability.ini]
[2020.07.08-16.07.24:802][  0]LogConfig: Setting CVar [[r.LightFunctionQuality:1]]
[2020.07.08-16.07.24:803][  0]LogConfig: Setting CVar [[r.ShadowQuality:5]]
[2020.07.08-16.07.24:803][  0]LogConfig: Setting CVar [[r.Shadow.CSM.MaxCascades:10]]
[2020.07.08-16.07.24:803][  0]LogConfig: Setting CVar [[r.Shadow.MaxResolution:2048]]
[2020.07.08-16.07.24:803][  0]LogConfig: Setting CVar [[r.Shadow.MaxCSMResolution:2048]]
[2020.07.08-16.07.24:803][  0]LogConfig: Setting CVar [[r.Shadow.RadiusThreshold:0.01]]
[2020.07.08-16.07.24:803][  0]LogConfig: Setting CVar [[r.Shadow.DistanceScale:1.0]]
[2020.07.08-16.07.24:803][  0]LogConfig: Setting CVar [[r.Shadow.CSM.TransitionScale:1.0]]
[2020.07.08-16.07.24:803][  0]LogConfig: Setting CVar [[r.Shadow.PreShadowResolutionFactor:1.0]]
[2020.07.08-16.07.24:803][  0]LogConfig: Setting CVar [[r.DistanceFieldShadowing:1]]
[2020.07.08-16.07.24:803][  0]LogConfig: Setting CVar [[r.DistanceFieldAO:1]]
[2020.07.08-16.07.24:803][  0]LogConfig: Setting CVar [[r.AOQuality:2]]
[2020.07.08-16.07.24:803][  0]LogConfig: Setting CVar [[r.VolumetricFog:1]]
[2020.07.08-16.07.24:803][  0]LogConfig: Setting CVar [[r.VolumetricFog.GridPixelSize:8]]
[2020.07.08-16.07.24:803][  0]LogConfig: Setting CVar [[r.VolumetricFog.GridSizeZ:128]]
[2020.07.08-16.07.24:803][  0]LogConfig: Setting CVar [[r.VolumetricFog.HistoryMissSupersampleCount:4]]
[2020.07.08-16.07.24:803][  0]LogConfig: Setting CVar [[r.LightMaxDrawDistanceScale:1]]
[2020.07.08-16.07.24:803][  0]LogConfig: Setting CVar [[r.CapsuleShadows:1]]
[2020.07.08-16.07.24:803][  0]LogConfig: Applying CVar settings from Section [PostProcessQuality@3] File [D:/Rune/Rune/Saved/Config/Windows/Scalability.ini]
[2020.07.08-16.07.24:803][  0]LogConfig: Setting CVar [[r.MotionBlurQuality:4]]
[2020.07.08-16.07.24:803][  0]LogConfig: Setting CVar [[r.AmbientOcclusionMipLevelFactor:0.4]]
[2020.07.08-16.07.24:803][  0]LogConfig: Setting CVar [[r.AmbientOcclusionMaxQuality:100]]
[2020.07.08-16.07.24:803][  0]LogConfig: Setting CVar [[r.AmbientOcclusionLevels:-1]]
[2020.07.08-16.07.24:803][  0]LogConfig: Setting CVar [[r.AmbientOcclusionRadiusScale:1.0]]
[2020.07.08-16.07.24:803][  0]LogConfig: Setting CVar [[r.DepthOfFieldQuality:2]]
[2020.07.08-16.07.24:803][  0]LogConfig: Setting CVar [[r.RenderTargetPoolMin:400]]
[2020.07.08-16.07.24:803][  0]LogConfig: Setting CVar [[r.LensFlareQuality:2]]
[2020.07.08-16.07.24:803][  0]LogConfig: Setting CVar [[r.SceneColorFringeQuality:1]]
[2020.07.08-16.07.24:803][  0]LogConfig: Setting CVar [[r.EyeAdaptationQuality:2]]
[2020.07.08-16.07.24:803][  0]LogConfig: Setting CVar [[r.BloomQuality:5]]
[2020.07.08-16.07.24:803][  0]LogConfig: Setting CVar [[r.FastBlurThreshold:100]]
[2020.07.08-16.07.24:803][  0]LogConfig: Setting CVar [[r.Upscale.Quality:3]]
[2020.07.08-16.07.24:803][  0]LogConfig: Setting CVar [[r.Tonemapper.GrainQuantization:1]]
[2020.07.08-16.07.24:803][  0]LogConfig: Setting CVar [[r.LightShaftQuality:1]]
[2020.07.08-16.07.24:803][  0]LogConfig: Setting CVar [[r.Filter.SizeScale:1]]
[2020.07.08-16.07.24:803][  0]LogConfig: Setting CVar [[r.Tonemapper.Quality:5]]
[2020.07.08-16.07.24:803][  0]LogConfig: Setting CVar [[r.DOF.Gather.AccumulatorQuality:1        ; higher gathering accumulator quality]]
[2020.07.08-16.07.24:803][  0]LogConfig: Setting CVar [[r.DOF.Gather.PostfilterMethod:1          ; Median3x3 postfilering method]]
[2020.07.08-16.07.24:803][  0]LogConfig: Setting CVar [[r.DOF.Gather.EnableBokehSettings:0       ; no bokeh simulation when gathering]]
[2020.07.08-16.07.24:803][  0]LogConfig: Setting CVar [[r.DOF.Gather.RingCount:4                 ; medium number of samples when gathering]]
[2020.07.08-16.07.24:803][  0]LogConfig: Setting CVar [[r.DOF.Scatter.ForegroundCompositing:1    ; additive foreground scattering]]
[2020.07.08-16.07.24:803][  0]LogConfig: Setting CVar [[r.DOF.Scatter.BackgroundCompositing:2    ; additive background scattering]]
[2020.07.08-16.07.24:803][  0]LogConfig: Setting CVar [[r.DOF.Scatter.EnableBokehSettings:1      ; bokeh simulation when scattering]]
[2020.07.08-16.07.24:803][  0]LogConfig: Setting CVar [[r.DOF.Scatter.MaxSpriteRatio:0.1         ; only a maximum of 10% of scattered bokeh]]
[2020.07.08-16.07.24:803][  0]LogConfig: Setting CVar [[r.DOF.Recombine.Quality:1                ; cheap slight out of focus]]
[2020.07.08-16.07.24:803][  0]LogConfig: Setting CVar [[r.DOF.Recombine.EnableBokehSettings:0    ; no bokeh simulation on slight out of focus]]
[2020.07.08-16.07.24:803][  0]LogConfig: Setting CVar [[r.DOF.TemporalAAQuality:1                ; more stable temporal accumulation]]
[2020.07.08-16.07.24:803][  0]LogConfig: Setting CVar [[r.DOF.Kernel.MaxForegroundRadius:0.025]]
[2020.07.08-16.07.24:803][  0]LogConfig: Setting CVar [[r.DOF.Kernel.MaxBackgroundRadius:0.025]]
[2020.07.08-16.07.24:803][  0]LogConfig: Applying CVar settings from Section [TextureQuality@3] File [D:/Rune/Rune/Saved/Config/Windows/Scalability.ini]
[2020.07.08-16.07.24:803][  0]LogConfig: Setting CVar [[r.Streaming.MipBias:0]]
[2020.07.08-16.07.24:803][  0]LogConfig: Setting CVar [[r.Streaming.AmortizeCPUToGPUCopy:0]]
[2020.07.08-16.07.24:803][  0]LogConfig: Setting CVar [[r.Streaming.MaxNumTexturesToStreamPerFrame:0]]
[2020.07.08-16.07.24:803][  0]LogConfig: Setting CVar [[r.Streaming.Boost:1]]
[2020.07.08-16.07.24:803][  0]LogConfig: Setting CVar [[r.MaxAnisotropy:8]]
[2020.07.08-16.07.24:803][  0]LogConfig: Setting CVar [[r.VT.MaxAnisotropy:8]]
[2020.07.08-16.07.24:803][  0]LogConfig: Setting CVar [[r.Streaming.LimitPoolSizeToVRAM:0]]
[2020.07.08-16.07.24:803][  0]LogConfig: Setting CVar [[r.Streaming.PoolSize:1000]]
[2020.07.08-16.07.24:804][  0]LogConfig: Setting CVar [[r.Streaming.MaxEffectiveScreenSize:0]]
[2020.07.08-16.07.24:804][  0]LogConfig: Applying CVar settings from Section [EffectsQuality@3] File [D:/Rune/Rune/Saved/Config/Windows/Scalability.ini]
[2020.07.08-16.07.24:804][  0]LogConfig: Setting CVar [[r.TranslucencyLightingVolumeDim:64]]
[2020.07.08-16.07.24:804][  0]LogConfig: Setting CVar [[r.RefractionQuality:2]]
[2020.07.08-16.07.24:804][  0]LogConfig: Setting CVar [[r.SSR.Quality:3]]
[2020.07.08-16.07.24:804][  0]LogConfig: Setting CVar [[r.SSR.HalfResSceneColor:0]]
[2020.07.08-16.07.24:804][  0]LogConfig: Setting CVar [[r.SceneColorFormat:4]]
[2020.07.08-16.07.24:804][  0]LogConfig: Setting CVar [[r.DetailMode:2]]
[2020.07.08-16.07.24:804][  0]LogConfig: Setting CVar [[r.TranslucencyVolumeBlur:1]]
[2020.07.08-16.07.24:804][  0]LogConfig: Setting CVar [[r.MaterialQualityLevel:1 ; High quality]]
[2020.07.08-16.07.24:804][  0]LogConfig: Setting CVar [[r.SSS.Scale:1]]
[2020.07.08-16.07.24:804][  0]LogConfig: Setting CVar [[r.SSS.SampleSet:2]]
[2020.07.08-16.07.24:804][  0]LogConfig: Setting CVar [[r.SSS.Quality:1]]
[2020.07.08-16.07.24:804][  0]LogConfig: Setting CVar [[r.SSS.HalfRes:0]]
[2020.07.08-16.07.24:804][  0]LogConfig: Setting CVar [[r.SSGI.Quality:3]]
[2020.07.08-16.07.24:804][  0]LogConfig: Setting CVar [[r.EmitterSpawnRateScale:1.0]]
[2020.07.08-16.07.24:804][  0]LogConfig: Setting CVar [[r.ParticleLightQuality:2]]
[2020.07.08-16.07.24:804][  0]LogConfig: Setting CVar [[r.SkyAtmosphere.AerialPerspectiveLUT.FastApplyOnOpaque:1 ; Always have FastSkyLUT 1 in this case to avoid wrong sky]]
[2020.07.08-16.07.24:804][  0]LogConfig: Setting CVar [[r.SkyAtmosphere.AerialPerspectiveLUT.SampleCountPerSlice:1]]
[2020.07.08-16.07.24:804][  0]LogConfig: Setting CVar [[r.SkyAtmosphere.AerialPerspectiveLUT.DepthResolution:16.0]]
[2020.07.08-16.07.24:804][  0]LogConfig: Setting CVar [[r.SkyAtmosphere.FastSkyLUT:1]]
[2020.07.08-16.07.24:804][  0]LogConfig: Setting CVar [[r.SkyAtmosphere.FastSkyLUT.SampleCountMin:4.0]]
[2020.07.08-16.07.24:804][  0]LogConfig: Setting CVar [[r.SkyAtmosphere.FastSkyLUT.SampleCountMax:32.0]]
[2020.07.08-16.07.24:804][  0]LogConfig: Setting CVar [[r.SkyAtmosphere.SampleCountMin:4.0]]
[2020.07.08-16.07.24:804][  0]LogConfig: Setting CVar [[r.SkyAtmosphere.SampleCountMax:32.0]]
[2020.07.08-16.07.24:804][  0]LogConfig: Setting CVar [[r.SkyAtmosphere.TransmittanceLUT.UseSmallFormat:0]]
[2020.07.08-16.07.24:804][  0]LogConfig: Setting CVar [[r.SkyAtmosphere.TransmittanceLUT.SampleCount:10.0]]
[2020.07.08-16.07.24:804][  0]LogConfig: Setting CVar [[r.SkyAtmosphere.MultiScatteringLUT.SampleCount:15.0]]
[2020.07.08-16.07.24:804][  0]LogConfig: Applying CVar settings from Section [FoliageQuality@3] File [D:/Rune/Rune/Saved/Config/Windows/Scalability.ini]
[2020.07.08-16.07.24:804][  0]LogConfig: Setting CVar [[foliage.DensityScale:1.0]]
[2020.07.08-16.07.24:804][  0]LogConfig: Setting CVar [[grass.DensityScale:1.0]]
[2020.07.08-16.07.24:804][  0]LogConfig: Applying CVar settings from Section [ShadingQuality@3] File [D:/Rune/Rune/Saved/Config/Windows/Scalability.ini]
[2020.07.08-16.07.24:804][  0]LogConfig: Setting CVar [[r.HairStrands.SkyLighting.SampleCount:16]]
[2020.07.08-16.07.24:804][  0]LogConfig: Setting CVar [[r.HairStrands.SkyLighting.JitterIntegration:0]]
[2020.07.08-16.07.24:804][  0]LogConfig: Setting CVar [[r.HairStrands.SkyAO.SampleCount:16]]
[2020.07.08-16.07.24:804][  0]LogConfig: Setting CVar [[r.HairStrands.DeepShadow.SuperSampling:0]]
[2020.07.08-16.07.24:804][  0]LogConfig: Setting CVar [[r.HairStrands.VisibilityPPLL:0]]
[2020.07.08-16.07.24:804][  0]LogConfig: Setting CVar [[r.HairStrands.RasterizationScale:0.5]]
[2020.07.08-16.07.24:804][  0]LogConfig: Setting CVar [[r.HairStrands.VelocityRasterizationScale:1]]
[2020.07.08-16.07.24:804][  0]LogInit: Selected Device Profile: [Windows]
[2020.07.08-16.07.24:804][  0]LogInit: Applying CVar settings loaded from the selected device profile: [Windows]
[2020.07.08-16.07.24:804][  0]LogHAL: Display: Platform has ~ 8 GB [8467877888 / 8589934592 / 8], which maps to Default [LargestMinGB=32, LargerMinGB=12, DefaultMinGB=8, SmallerMinGB=6, SmallestMinGB=0)
[2020.07.08-16.07.24:804][  0]LogInit: Going up to parent DeviceProfile []
[2020.07.08-16.07.24:804][  0]LogConfig: Applying CVar settings from Section [ViewDistanceQuality@3] File [D:/Rune/Rune/Saved/Config/Windows/Scalability.ini]
[2020.07.08-16.07.24:804][  0]LogConfig: Setting CVar [[r.SkeletalMeshLODBias:0]]
[2020.07.08-16.07.24:804][  0]LogConfig: Setting CVar [[r.ViewDistanceScale:1.0]]
[2020.07.08-16.07.24:804][  0]LogConfig: Applying CVar settings from Section [AntiAliasingQuality@3] File [D:/Rune/Rune/Saved/Config/Windows/Scalability.ini]
[2020.07.08-16.07.24:804][  0]LogConfig: Setting CVar [[r.PostProcessAAQuality:4]]
[2020.07.08-16.07.24:805][  0]LogConfig: Applying CVar settings from Section [ShadowQuality@3] File [D:/Rune/Rune/Saved/Config/Windows/Scalability.ini]
[2020.07.08-16.07.24:805][  0]LogConfig: Setting CVar [[r.LightFunctionQuality:1]]
[2020.07.08-16.07.24:805][  0]LogConfig: Setting CVar [[r.ShadowQuality:5]]
[2020.07.08-16.07.24:805][  0]LogConfig: Setting CVar [[r.Shadow.CSM.MaxCascades:10]]
[2020.07.08-16.07.24:805][  0]LogConfig: Setting CVar [[r.Shadow.MaxResolution:2048]]
[2020.07.08-16.07.24:805][  0]LogConfig: Setting CVar [[r.Shadow.MaxCSMResolution:2048]]
[2020.07.08-16.07.24:805][  0]LogConfig: Setting CVar [[r.Shadow.RadiusThreshold:0.01]]
[2020.07.08-16.07.24:805][  0]LogConfig: Setting CVar [[r.Shadow.DistanceScale:1.0]]
[2020.07.08-16.07.24:805][  0]LogConfig: Setting CVar [[r.Shadow.CSM.TransitionScale:1.0]]
[2020.07.08-16.07.24:805][  0]LogConfig: Setting CVar [[r.Shadow.PreShadowResolutionFactor:1.0]]
[2020.07.08-16.07.24:805][  0]LogConfig: Setting CVar [[r.DistanceFieldShadowing:1]]
[2020.07.08-16.07.24:805][  0]LogConfig: Setting CVar [[r.DistanceFieldAO:1]]
[2020.07.08-16.07.24:805][  0]LogConfig: Setting CVar [[r.AOQuality:2]]
[2020.07.08-16.07.24:805][  0]LogConfig: Setting CVar [[r.VolumetricFog:1]]
[2020.07.08-16.07.24:805][  0]LogConfig: Setting CVar [[r.VolumetricFog.GridPixelSize:8]]
[2020.07.08-16.07.24:805][  0]LogConfig: Setting CVar [[r.VolumetricFog.GridSizeZ:128]]
[2020.07.08-16.07.24:805][  0]LogConfig: Setting CVar [[r.VolumetricFog.HistoryMissSupersampleCount:4]]
[2020.07.08-16.07.24:805][  0]LogConfig: Setting CVar [[r.LightMaxDrawDistanceScale:1]]
[2020.07.08-16.07.24:805][  0]LogConfig: Setting CVar [[r.CapsuleShadows:1]]
[2020.07.08-16.07.24:805][  0]LogConfig: Applying CVar settings from Section [PostProcessQuality@3] File [D:/Rune/Rune/Saved/Config/Windows/Scalability.ini]
[2020.07.08-16.07.24:805][  0]LogConfig: Setting CVar [[r.MotionBlurQuality:4]]
[2020.07.08-16.07.24:805][  0]LogConfig: Setting CVar [[r.AmbientOcclusionMipLevelFactor:0.4]]
[2020.07.08-16.07.24:805][  0]LogConfig: Setting CVar [[r.AmbientOcclusionMaxQuality:100]]
[2020.07.08-16.07.24:805][  0]LogConfig: Setting CVar [[r.AmbientOcclusionLevels:-1]]
[2020.07.08-16.07.24:805][  0]LogConfig: Setting CVar [[r.AmbientOcclusionRadiusScale:1.0]]
[2020.07.08-16.07.24:805][  0]LogConfig: Setting CVar [[r.DepthOfFieldQuality:2]]
[2020.07.08-16.07.24:805][  0]LogConfig: Setting CVar [[r.RenderTargetPoolMin:400]]
[2020.07.08-16.07.24:805][  0]LogConfig: Setting CVar [[r.LensFlareQuality:2]]
[2020.07.08-16.07.24:805][  0]LogConfig: Setting CVar [[r.SceneColorFringeQuality:1]]
[2020.07.08-16.07.24:805][  0]LogConfig: Setting CVar [[r.EyeAdaptationQuality:2]]
[2020.07.08-16.07.24:805][  0]LogConfig: Setting CVar [[r.BloomQuality:5]]
[2020.07.08-16.07.24:805][  0]LogConfig: Setting CVar [[r.FastBlurThreshold:100]]
[2020.07.08-16.07.24:805][  0]LogConfig: Setting CVar [[r.Upscale.Quality:3]]
[2020.07.08-16.07.24:805][  0]LogConfig: Setting CVar [[r.Tonemapper.GrainQuantization:1]]
[2020.07.08-16.07.24:805][  0]LogConfig: Setting CVar [[r.LightShaftQuality:1]]
[2020.07.08-16.07.24:805][  0]LogConfig: Setting CVar [[r.Filter.SizeScale:1]]
[2020.07.08-16.07.24:805][  0]LogConfig: Setting CVar [[r.Tonemapper.Quality:5]]
[2020.07.08-16.07.24:805][  0]LogConfig: Setting CVar [[r.DOF.Gather.AccumulatorQuality:1        ; higher gathering accumulator quality]]
[2020.07.08-16.07.24:805][  0]LogConfig: Setting CVar [[r.DOF.Gather.PostfilterMethod:1          ; Median3x3 postfilering method]]
[2020.07.08-16.07.24:805][  0]LogConfig: Setting CVar [[r.DOF.Gather.EnableBokehSettings:0       ; no bokeh simulation when gathering]]
[2020.07.08-16.07.24:805][  0]LogConfig: Setting CVar [[r.DOF.Gather.RingCount:4                 ; medium number of samples when gathering]]
[2020.07.08-16.07.24:805][  0]LogConfig: Setting CVar [[r.DOF.Scatter.ForegroundCompositing:1    ; additive foreground scattering]]
[2020.07.08-16.07.24:805][  0]LogConfig: Setting CVar [[r.DOF.Scatter.BackgroundCompositing:2    ; additive background scattering]]
[2020.07.08-16.07.24:805][  0]LogConfig: Setting CVar [[r.DOF.Scatter.EnableBokehSettings:1      ; bokeh simulation when scattering]]
[2020.07.08-16.07.24:805][  0]LogConfig: Setting CVar [[r.DOF.Scatter.MaxSpriteRatio:0.1         ; only a maximum of 10% of scattered bokeh]]
[2020.07.08-16.07.24:805][  0]LogConfig: Setting CVar [[r.DOF.Recombine.Quality:1                ; cheap slight out of focus]]
[2020.07.08-16.07.24:805][  0]LogConfig: Setting CVar [[r.DOF.Recombine.EnableBokehSettings:0    ; no bokeh simulation on slight out of focus]]
[2020.07.08-16.07.24:805][  0]LogConfig: Setting CVar [[r.DOF.TemporalAAQuality:1                ; more stable temporal accumulation]]
[2020.07.08-16.07.24:805][  0]LogConfig: Setting CVar [[r.DOF.Kernel.MaxForegroundRadius:0.025]]
[2020.07.08-16.07.24:805][  0]LogConfig: Setting CVar [[r.DOF.Kernel.MaxBackgroundRadius:0.025]]
[2020.07.08-16.07.24:805][  0]LogConfig: Applying CVar settings from Section [TextureQuality@3] File [D:/Rune/Rune/Saved/Config/Windows/Scalability.ini]
[2020.07.08-16.07.24:805][  0]LogConfig: Setting CVar [[r.Streaming.MipBias:0]]
[2020.07.08-16.07.24:805][  0]LogConfig: Setting CVar [[r.Streaming.AmortizeCPUToGPUCopy:0]]
[2020.07.08-16.07.24:805][  0]LogConfig: Setting CVar [[r.Streaming.MaxNumTexturesToStreamPerFrame:0]]
[2020.07.08-16.07.24:805][  0]LogConfig: Setting CVar [[r.Streaming.Boost:1]]
[2020.07.08-16.07.24:805][  0]LogConfig: Setting CVar [[r.MaxAnisotropy:8]]
[2020.07.08-16.07.24:805][  0]LogConfig: Setting CVar [[r.VT.MaxAnisotropy:8]]
[2020.07.08-16.07.24:805][  0]LogConfig: Setting CVar [[r.Streaming.LimitPoolSizeToVRAM:0]]
[2020.07.08-16.07.24:805][  0]LogConfig: Setting CVar [[r.Streaming.PoolSize:1000]]
[2020.07.08-16.07.24:805][  0]LogConfig: Setting CVar [[r.Streaming.MaxEffectiveScreenSize:0]]
[2020.07.08-16.07.24:805][  0]LogConfig: Applying CVar settings from Section [EffectsQuality@3] File [D:/Rune/Rune/Saved/Config/Windows/Scalability.ini]
[2020.07.08-16.07.24:805][  0]LogConfig: Setting CVar [[r.TranslucencyLightingVolumeDim:64]]
[2020.07.08-16.07.24:805][  0]LogConfig: Setting CVar [[r.RefractionQuality:2]]
[2020.07.08-16.07.24:805][  0]LogConfig: Setting CVar [[r.SSR.Quality:3]]
[2020.07.08-16.07.24:805][  0]LogConfig: Setting CVar [[r.SSR.HalfResSceneColor:0]]
[2020.07.08-16.07.24:805][  0]LogConfig: Setting CVar [[r.SceneColorFormat:4]]
[2020.07.08-16.07.24:805][  0]LogConfig: Setting CVar [[r.DetailMode:2]]
[2020.07.08-16.07.24:805][  0]LogConfig: Setting CVar [[r.TranslucencyVolumeBlur:1]]
[2020.07.08-16.07.24:805][  0]LogConfig: Setting CVar [[r.MaterialQualityLevel:1 ; High quality]]
[2020.07.08-16.07.24:806][  0]LogConfig: Setting CVar [[r.SSS.Scale:1]]
[2020.07.08-16.07.24:806][  0]LogConfig: Setting CVar [[r.SSS.SampleSet:2]]
[2020.07.08-16.07.24:806][  0]LogConfig: Setting CVar [[r.SSS.Quality:1]]
[2020.07.08-16.07.24:806][  0]LogConfig: Setting CVar [[r.SSS.HalfRes:0]]
[2020.07.08-16.07.24:806][  0]LogConfig: Setting CVar [[r.SSGI.Quality:3]]
[2020.07.08-16.07.24:806][  0]LogConfig: Setting CVar [[r.EmitterSpawnRateScale:1.0]]
[2020.07.08-16.07.24:806][  0]LogConfig: Setting CVar [[r.ParticleLightQuality:2]]
[2020.07.08-16.07.24:806][  0]LogConfig: Setting CVar [[r.SkyAtmosphere.AerialPerspectiveLUT.FastApplyOnOpaque:1 ; Always have FastSkyLUT 1 in this case to avoid wrong sky]]
[2020.07.08-16.07.24:806][  0]LogConfig: Setting CVar [[r.SkyAtmosphere.AerialPerspectiveLUT.SampleCountPerSlice:1]]
[2020.07.08-16.07.24:806][  0]LogConfig: Setting CVar [[r.SkyAtmosphere.AerialPerspectiveLUT.DepthResolution:16.0]]
[2020.07.08-16.07.24:806][  0]LogConfig: Setting CVar [[r.SkyAtmosphere.FastSkyLUT:1]]
[2020.07.08-16.07.24:806][  0]LogConfig: Setting CVar [[r.SkyAtmosphere.FastSkyLUT.SampleCountMin:4.0]]
[2020.07.08-16.07.24:806][  0]LogConfig: Setting CVar [[r.SkyAtmosphere.FastSkyLUT.SampleCountMax:32.0]]
[2020.07.08-16.07.24:806][  0]LogConfig: Setting CVar [[r.SkyAtmosphere.SampleCountMin:4.0]]
[2020.07.08-16.07.24:806][  0]LogConfig: Setting CVar [[r.SkyAtmosphere.SampleCountMax:32.0]]
[2020.07.08-16.07.24:806][  0]LogConfig: Setting CVar [[r.SkyAtmosphere.TransmittanceLUT.UseSmallFormat:0]]
[2020.07.08-16.07.24:806][  0]LogConfig: Setting CVar [[r.SkyAtmosphere.TransmittanceLUT.SampleCount:10.0]]
[2020.07.08-16.07.24:806][  0]LogConfig: Setting CVar [[r.SkyAtmosphere.MultiScatteringLUT.SampleCount:15.0]]
[2020.07.08-16.07.24:806][  0]LogConfig: Applying CVar settings from Section [FoliageQuality@3] File [D:/Rune/Rune/Saved/Config/Windows/Scalability.ini]
[2020.07.08-16.07.24:806][  0]LogConfig: Setting CVar [[foliage.DensityScale:1.0]]
[2020.07.08-16.07.24:806][  0]LogConfig: Setting CVar [[grass.DensityScale:1.0]]
[2020.07.08-16.07.24:806][  0]LogConfig: Applying CVar settings from Section [ShadingQuality@3] File [D:/Rune/Rune/Saved/Config/Windows/Scalability.ini]
[2020.07.08-16.07.24:806][  0]LogConfig: Setting CVar [[r.HairStrands.SkyLighting.SampleCount:16]]
[2020.07.08-16.07.24:806][  0]LogConfig: Setting CVar [[r.HairStrands.SkyLighting.JitterIntegration:0]]
[2020.07.08-16.07.24:806][  0]LogConfig: Setting CVar [[r.HairStrands.SkyAO.SampleCount:16]]
[2020.07.08-16.07.24:806][  0]LogConfig: Setting CVar [[r.HairStrands.DeepShadow.SuperSampling:0]]
[2020.07.08-16.07.24:806][  0]LogConfig: Setting CVar [[r.HairStrands.VisibilityPPLL:0]]
[2020.07.08-16.07.24:806][  0]LogConfig: Setting CVar [[r.HairStrands.RasterizationScale:0.5]]
[2020.07.08-16.07.24:806][  0]LogConfig: Setting CVar [[r.HairStrands.VelocityRasterizationScale:1]]
[2020.07.08-16.07.24:806][  0]LogConfig: Applying CVar settings from Section [Startup] File [../../../Engine/Config/ConsoleVariables.ini]
[2020.07.08-16.07.24:806][  0]LogConfig: Setting CVar [[net.UseAdaptiveNetUpdateFrequency:0]]
[2020.07.08-16.07.24:806][  0]LogConfig: Setting CVar [[p.chaos.AllowCreatePhysxBodies:1]]
[2020.07.08-16.07.24:806][  0]LogConfig: Setting CVar [[fx.SkipVectorVMBackendOptimizations:1]]
[2020.07.08-16.07.24:806][  0]LogConfig: Applying CVar settings from Section [ConsoleVariables] File [D:/Rune/Rune/Saved/Config/Windows/Engine.ini]
[2020.07.08-16.07.24:806][  0]LogInit: Computer: LAPTOP-VMT1FIIC
[2020.07.08-16.07.24:806][  0]LogInit: User: Quentin
[2020.07.08-16.07.24:806][  0]LogInit: CPU Page size=4096, Cores=4
[2020.07.08-16.07.24:806][  0]LogInit: High frequency timer resolution =10.000000 MHz
[2020.07.08-16.07.24:806][  0]LogMemory: Memory total: Physical=7.9GB (8GB approx)
[2020.07.08-16.07.24:806][  0]LogMemory: Platform Memory Stats for Windows
[2020.07.08-16.07.24:807][  0]LogMemory: Process Physical Memory: 114.53 MB used, 114.54 MB peak
[2020.07.08-16.07.24:807][  0]LogMemory: Process Virtual Memory: 96.34 MB used, 96.34 MB peak
[2020.07.08-16.07.24:807][  0]LogMemory: Physical Memory: 3747.54 MB used,  4328.05 MB free, 8075.60 MB total
[2020.07.08-16.07.24:807][  0]LogMemory: Virtual Memory: 5144.14 MB used,  134212584.00 MB free, 134217728.00 MB total
[2020.07.08-16.07.24:819][  0]LogWindows: WindowsPlatformFeatures enabled
[2020.07.08-16.07.24:867][  0]LogInit: Physics initialised using underlying interface: PhysX
[2020.07.08-16.07.24:868][  0]LogInit: Using OS detected language (fr-FR).
[2020.07.08-16.07.24:868][  0]LogInit: Using OS detected locale (fr-FR).
[2020.07.08-16.07.24:869][  0]LogTextLocalizationManager: No specific localization for 'fr-FR' exists, so the 'fr' localization will be used.
[2020.07.08-16.07.24:869][  0]LogTextLocalizationResource: LocRes '../../../Engine/Content/Localization/Editor/fr/Editor.locres' could not be opened for reading!
[2020.07.08-16.07.24:869][  0]LogTextLocalizationResource: LocRes '../../../Engine/Content/Localization/EditorTutorials/fr/EditorTutorials.locres' could not be opened for reading!
[2020.07.08-16.07.24:869][  0]LogTextLocalizationResource: LocRes '../../../Engine/Content/Localization/Keywords/fr/Keywords.locres' could not be opened for reading!
[2020.07.08-16.07.24:869][  0]LogTextLocalizationResource: LocRes '../../../Engine/Content/Localization/Category/fr/Category.locres' could not be opened for reading!
[2020.07.08-16.07.24:869][  0]LogTextLocalizationResource: LocRes '../../../Engine/Content/Localization/ToolTips/fr/ToolTips.locres' could not be opened for reading!
[2020.07.08-16.07.24:869][  0]LogTextLocalizationResource: LocRes '../../../Engine/Content/Localization/PropertyNames/fr/PropertyNames.locres' could not be opened for reading!
[2020.07.08-16.07.24:869][  0]LogTextLocalizationResource: LocRes '../../../Engine/Content/Localization/Engine/fr/Engine.locres' could not be opened for reading!
[2020.07.08-16.07.24:870][  0]LogInit: Setting process to per monitor DPI aware
[2020.07.08-16.07.24:931][  0]LogSlate: New Slate User Created.  User Index 0, Is Virtual User: 0
[2020.07.08-16.07.24:931][  0]LogSlate: Slate User Registered.  User Index 0, Is Virtual User: 0
[2020.07.08-16.07.25:111][  0]LogHMD: Failed to initialize OpenVR with code 110
[2020.07.08-16.07.25:111][  0]LogD3D11RHI: D3D11 min allowed feature level: 11_0
[2020.07.08-16.07.25:111][  0]LogD3D11RHI: D3D11 max allowed feature level: 11_0
[2020.07.08-16.07.25:111][  0]LogD3D11RHI: D3D11 adapters:
[2020.07.08-16.07.25:185][  0]LogD3D11RHI:    0. 'NVIDIA GeForce GTX 1050 Ti' (Feature Level 11_0)
[2020.07.08-16.07.25:185][  0]LogD3D11RHI:       4018/0/4037 MB DedicatedVideo/DedicatedSystem/SharedSystem, Outputs:1, VendorId:0x10de
[2020.07.08-16.07.25:197][  0]LogD3D11RHI:    1. 'Intel(R) HD Graphics 630' (Feature Level 11_0)
[2020.07.08-16.07.25:197][  0]LogD3D11RHI:       128/0/4037 MB DedicatedVideo/DedicatedSystem/SharedSystem, Outputs:0, VendorId:0x8086
[2020.07.08-16.07.25:200][  0]LogD3D11RHI:    2. 'Microsoft Basic Render Driver' (Feature Level 11_0)
[2020.07.08-16.07.25:200][  0]LogD3D11RHI:       0/0/4037 MB DedicatedVideo/DedicatedSystem/SharedSystem, Outputs:0, VendorId:0x1414
[2020.07.08-16.07.25:200][  0]LogD3D11RHI: Chosen D3D11 Adapter: 0
[2020.07.08-16.07.25:262][  0]LogD3D11RHI: Creating new Direct3DDevice
[2020.07.08-16.07.25:262][  0]LogD3D11RHI:     GPU DeviceId: 0x1c8c (for the marketing name, search the web for "GPU Device Id")
[2020.07.08-16.07.25:262][  0]LogWindows: EnumDisplayDevices:
[2020.07.08-16.07.25:263][  0]LogWindows:    0. 'Intel(R) HD Graphics 630' (P:1 D:1)
[2020.07.08-16.07.25:263][  0]LogWindows:    1. 'Intel(R) HD Graphics 630' (P:0 D:0)
[2020.07.08-16.07.25:264][  0]LogWindows:    2. 'Intel(R) HD Graphics 630' (P:0 D:0)
[2020.07.08-16.07.25:265][  0]LogWindows:    3. 'NVIDIA GeForce GTX 1050 Ti' (P:0 D:0)
[2020.07.08-16.07.25:265][  0]LogWindows: DebugString: PrimaryIsNotTheChoosenAdapter PrimaryIsNotTheChoosenAdapter PrimaryIsNotTheChoosenAdapter 
[2020.07.08-16.07.25:265][  0]LogD3D11RHI:     Adapter Name: NVIDIA GeForce GTX 1050 Ti
[2020.07.08-16.07.25:265][  0]LogD3D11RHI:   Driver Version: 451.48 (internal:27.21.14.5148, unified:451.48)
[2020.07.08-16.07.25:265][  0]LogD3D11RHI:      Driver Date: 6-21-2020
[2020.07.08-16.07.25:265][  0]LogRHI: Texture pool is 2812 MB (70% of 4018 MB)
[2020.07.08-16.07.25:306][  0]LogD3D11RHI: RHI has support for 64 bit atomics
[2020.07.08-16.07.25:309][  0]LogD3D11RHI: [Aftermath] Enabled and primed
[2020.07.08-16.07.25:309][  0]LogD3D11RHI: Async texture creation enabled
[2020.07.08-16.07.25:310][  0]LogD3D11RHI: Array index from any shader is supported
[2020.07.08-16.07.25:328][  0]LogD3D11RHI: GPU Timing Frequency: 1000.000000 (Debug: 2 1)
[2020.07.08-16.07.25:724][  0]LogTargetPlatformManager: Display: Loaded TargetPlatform 'AllDesktop'
[2020.07.08-16.07.25:746][  0]LogTargetPlatformManager: Display: Loaded TargetPlatform 'Android'
[2020.07.08-16.07.25:746][  0]LogTargetPlatformManager: Display: Loaded TargetPlatform 'Android_ASTC'
[2020.07.08-16.07.25:746][  0]LogTargetPlatformManager: Display: Loaded TargetPlatform 'Android_DXT'
[2020.07.08-16.07.25:746][  0]LogTargetPlatformManager: Display: Loaded TargetPlatform 'Android_ETC2'
[2020.07.08-16.07.25:746][  0]LogTargetPlatformManager: Display: Loaded TargetPlatform 'AndroidClient'
[2020.07.08-16.07.25:746][  0]LogTargetPlatformManager: Display: Loaded TargetPlatform 'Android_ASTCClient'
[2020.07.08-16.07.25:746][  0]LogTargetPlatformManager: Display: Loaded TargetPlatform 'Android_DXTClient'
[2020.07.08-16.07.25:746][  0]LogTargetPlatformManager: Display: Loaded TargetPlatform 'Android_ETC2Client'
[2020.07.08-16.07.25:746][  0]LogTargetPlatformManager: Display: Loaded TargetPlatform 'Android_Multi'
[2020.07.08-16.07.25:746][  0]LogTargetPlatformManager: Display: Loaded TargetPlatform 'Android_MultiClient'
[2020.07.08-16.07.25:772][  0]LogTargetPlatformManager: Display: Loaded TargetPlatform 'IOSClient'
[2020.07.08-16.07.25:772][  0]LogTargetPlatformManager: Display: Loaded TargetPlatform 'IOS'
[2020.07.08-16.07.25:783][  0]LogTargetPlatformManager: Display: Loaded TargetPlatform 'Linux'
[2020.07.08-16.07.25:794][  0]LogTargetPlatformManager: Display: Loaded TargetPlatform 'LinuxNoEditor'
[2020.07.08-16.07.25:805][  0]LogTargetPlatformManager: Display: Loaded TargetPlatform 'LinuxClient'
[2020.07.08-16.07.25:815][  0]LogTargetPlatformManager: Display: Loaded TargetPlatform 'LinuxServer'
[2020.07.08-16.07.25:825][  0]LogTargetPlatformManager: Display: Loaded TargetPlatform 'LinuxAArch64NoEditor'
[2020.07.08-16.07.25:835][  0]LogTargetPlatformManager: Display: Loaded TargetPlatform 'LinuxAArch64Client'
[2020.07.08-16.07.25:845][  0]LogTargetPlatformManager: Display: Loaded TargetPlatform 'LinuxAArch64Server'
[2020.07.08-16.07.25:873][  0]LogTargetPlatformManager: Display: Loaded TargetPlatform 'Lumin'
[2020.07.08-16.07.25:873][  0]LogTargetPlatformManager: Display: Loaded TargetPlatform 'LuminClient'
[2020.07.08-16.07.25:888][  0]LogTargetPlatformManager: Display: Loaded TargetPlatform 'TVOSClient'
[2020.07.08-16.07.25:888][  0]LogTargetPlatformManager: Display: Loaded TargetPlatform 'TVOS'
[2020.07.08-16.07.25:899][  0]LogTargetPlatformManager: Display: Loaded TargetPlatform 'WindowsNoEditor'
[2020.07.08-16.07.25:909][  0]LogTargetPlatformManager: Display: Loaded TargetPlatform 'Windows'
[2020.07.08-16.07.25:918][  0]LogTargetPlatformManager: Display: Loaded TargetPlatform 'WindowsClient'
[2020.07.08-16.07.25:928][  0]LogTargetPlatformManager: Display: Loaded TargetPlatform 'WindowsServer'
[2020.07.08-16.07.25:928][  0]LogTargetPlatformManager: Display: Building Assets For Windows
[2020.07.08-16.07.25:940][  0]LogAudioDebug: Display: Lib vorbis DLL was dynamically loaded.
[2020.07.08-16.07.26:019][  0]LogShaderCompilers: Guid format shader working directory is 20 characters bigger than the processId version (../../../../../../Rune/Rune/Intermediate/Shaders/WorkingDirectory/98704/).
[2020.07.08-16.07.26:019][  0]LogShaderCompilers: Cleaned the shader compiler working directory 'C:/Users/Quentin/AppData/Local/Temp/UnrealShaderWorkingDir/86BAF15042C0DA393901058FCA85EC40/'.
[2020.07.08-16.07.26:019][  0]LogXGEController: Cannot use XGE Controller as Incredibuild is not installed on this machine.
[2020.07.08-16.07.26:019][  0]LogShaderCompilers: Cannot use XGE Shader Compiler as Incredibuild is not installed on this machine.
[2020.07.08-16.07.26:019][  0]LogShaderCompilers: Display: Using Local Shader Compiler.
[2020.07.08-16.07.26:807][  0]LogDerivedDataCache: Display: Max Cache Size: 512 MB
[2020.07.08-16.07.26:875][  0]LogDerivedDataCache: Loaded boot cache 0.07s 76MB C:/Users/Quentin/AppData/Local/UnrealEngine/4.25/DerivedDataCache/Boot.ddc.
[2020.07.08-16.07.26:875][  0]LogDerivedDataCache: Display: Loaded Boot cache: C:/Users/Quentin/AppData/Local/UnrealEngine/4.25/DerivedDataCache/Boot.ddc
[2020.07.08-16.07.26:875][  0]LogDerivedDataCache: FDerivedDataBackendGraph:  Pak pak cache file ../../../../../../Rune/Rune/DerivedDataCache/DDC.ddp not found, will not use a pak cache.
[2020.07.08-16.07.26:875][  0]LogDerivedDataCache: Unable to find inner node Pak for hierarchical cache Hierarchy.
[2020.07.08-16.07.26:875][  0]LogDerivedDataCache: FDerivedDataBackendGraph:  CompressedPak pak cache file ../../../../../../Rune/Rune/DerivedDataCache/Compressed.ddp not found, will not use a pak cache.
[2020.07.08-16.07.26:875][  0]LogDerivedDataCache: Unable to find inner node CompressedPak for hierarchical cache Hierarchy.
[2020.07.08-16.07.26:886][  0]LogDerivedDataCache: Display: Pak cache opened for reading ../../../Engine/DerivedDataCache/Compressed.ddp.
[2020.07.08-16.07.26:887][  0]LogDerivedDataCache: FDerivedDataBackendGraph:  EnterprisePak pak cache file ../../../Enterprise/DerivedDataCache/Compressed.ddp not found, will not use a pak cache.
[2020.07.08-16.07.26:887][  0]LogDerivedDataCache: Unable to find inner node EnterprisePak for hierarchical cache Hierarchy.
[2020.07.08-16.07.26:889][  0]LogDerivedDataCache: Using Local data cache path C:/Users/Quentin/AppData/Local/UnrealEngine/Common/DerivedDataCache: Writable
[2020.07.08-16.07.26:889][  0]LogDerivedDataCache: Shared data cache path not found in *engine.ini, will not use an Shared cache.
[2020.07.08-16.07.26:889][  0]LogDerivedDataCache: Unable to find inner node Shared for hierarchical cache Hierarchy.
[2020.07.08-16.07.26:941][  0]LogSlate: Using FreeType 2.10.0
[2020.07.08-16.07.26:941][  0]LogSlate: SlateFontServices - WITH_FREETYPE: 1, WITH_HARFBUZZ: 1
[2020.07.08-16.07.26:972][  0]LogAssetRegistry: FAssetRegistry took 0.0024 seconds to start up
[2020.07.08-16.07.27:206][  0]LogInit: Selected Device Profile: [Windows]
[2020.07.08-16.07.27:338][  0]LogMeshReduction: Using QuadricMeshReduction for automatic static mesh reduction
[2020.07.08-16.07.27:338][  0]LogMeshReduction: Using SimplygonMeshReduction for automatic skeletal mesh reduction
[2020.07.08-16.07.27:338][  0]LogMeshReduction: Using ProxyLODMeshReduction for automatic mesh merging
[2020.07.08-16.07.27:338][  0]LogMeshReduction: No distributed automatic mesh merging module available
[2020.07.08-16.07.27:338][  0]LogMeshMerging: No distributed automatic mesh merging module available
[2020.07.08-16.07.27:361][  0]LogNetVersion: Rune 1.0.0, NetCL: 13144385, EngineNetVer: 14, GameNetVer: 0 (Checksum: 2362851361)
[2020.07.08-16.07.27:907][  0]LogAISub: UAISubsystem::UAISubsystem AISubsystem (00000288901F6640), frame # 0
[2020.07.08-16.07.27:907][  0]LogAISub: UAISubsystem::UAISubsystem AIPerceptionSystem (00000288901A0F40), frame # 0
[2020.07.08-16.07.27:909][  0]LogAISub: UAISubsystem::UAISubsystem EnvQueryManager (0000028890208A00), frame # 0
[2020.07.08-16.07.27:998][  0]LogPackageLocalizationCache: Processed 20 localized package path(s) for 1 prioritized culture(s) in 0.082126 seconds
[2020.07.08-16.07.28:004][  0]LogUObjectArray: 15917 objects as part of root set at end of initial load.
[2020.07.08-16.07.28:005][  0]LogUObjectAllocator: 3965568 out of 0 bytes used by permanent object pool.
[2020.07.08-16.07.28:005][  0]LogUObjectArray: CloseDisregardForGC: 0/0 objects in disregard for GC pool
[2020.07.08-16.07.28:698][  0]LogSubstanceCoreModule: Substance [CPU] Engine Loaded, Max Texture Size = 2048
[2020.07.08-16.07.28:714][  0]LogTcpMessaging: Initializing TcpMessaging bridge
[2020.07.08-16.07.28:721][  0]LogUdpMessaging: Initializing bridge on interface 0.0.0.0:0 to multicast group 230.0.0.1:6666.
[2020.07.08-16.07.28:832][  0]SourceControl: Source control is disabled
[2020.07.08-16.07.28:832][  0]SourceControl: Source control is disabled
[2020.07.08-16.07.28:837][  0]SourceControl: Source control is disabled
[2020.07.08-16.07.28:842][  0]SourceControl: Source control is disabled
[2020.07.08-16.07.28:852][  0]SourceControl: Source control is disabled
[2020.07.08-16.07.29:197][  0]LogAndroidPermission: UAndroidPermissionCallbackProxy::GetInstance
[2020.07.08-16.07.29:229][  0]LogAudioCaptureCore: Display: No Audio Capture implementations found. Audio input will be silent.
[2020.07.08-16.07.29:229][  0]LogAudioCaptureCore: Display: No Audio Capture implementations found. Audio input will be silent.
[2020.07.08-16.07.29:295][  0]LogOcInput: OculusInput pre-init called
[2020.07.08-16.07.29:309][  0]LogWindows: Failed to load 'OVRPlugin.dll' (GetLastError=126)
[2020.07.08-16.07.29:309][  0]LogWindows: File 'OVRPlugin.dll' does not exist
[2020.07.08-16.07.29:611][  0]LogEngine: Initializing Engine...
[2020.07.08-16.07.29:614][  0]LogHMD: Failed to initialize OpenVR with code 110
[2020.07.08-16.07.29:614][  0]LogMagicLeap: Warning: VR disabled because ZI is not enabled.  To enable, in the editor, Edit -> Project Settings -> Plugins -> Magic Leap Plugin -> Enable Zero Iteration
[2020.07.08-16.07.29:615][  0]LogStats: UGameplayTagsManager::InitializeManager -  0.000 s
[2020.07.08-16.07.29:785][  0]LogInit: Initializing FReadOnlyCVARCache
[2020.07.08-16.07.29:796][  0]LogAIModule: Creating AISystem for world Untitled
[2020.07.08-16.07.29:796][  0]LogAISub: UAISubsystem::UAISubsystem EnvQueryManager (0000028896137C00), frame # 0
[2020.07.08-16.07.29:796][  0]LogAISub: UAISubsystem::UAISubsystem AIPerceptionSystem (00000288961E51C0), frame # 0
[2020.07.08-16.07.29:822][  0]LogAudioMixer: Display: Audio Mixer Platform Settings:
[2020.07.08-16.07.29:822][  0]LogAudioMixer: Display: 	Sample Rate:						  48000
[2020.07.08-16.07.29:822][  0]LogAudioMixer: Display: 	Callback Buffer Frame Size Requested: 1024
[2020.07.08-16.07.29:822][  0]LogAudioMixer: Display: 	Callback Buffer Frame Size To Use:	  1024
[2020.07.08-16.07.29:822][  0]LogAudioMixer: Display: 	Number of buffers to queue:			  2
[2020.07.08-16.07.29:822][  0]LogAudioMixer: Display: 	Max Channels (voices):				  32
[2020.07.08-16.07.29:822][  0]LogAudioMixer: Display: 	Number of Async Source Workers:		  0
[2020.07.08-16.07.29:822][  0]LogAudio: Display: AudioDevice MaxSources: 32
[2020.07.08-16.07.29:823][  0]LogAudio: Display: Using built-in audio occlusion.
[2020.07.08-16.07.29:823][  0]LogAudioMixer: Display: Initializing audio mixer.
[2020.07.08-16.07.29:836][  0]LogAudioMixer: Display: 0: FrontLeft
[2020.07.08-16.07.29:836][  0]LogAudioMixer: Display: 1: FrontRight
[2020.07.08-16.07.30:321][  0]LogAudioMixer: Display: Using Audio Device Haut-parleurs (Realtek High Definition Audio(SST))
[2020.07.08-16.07.30:324][  0]LogAudioMixer: Display: Initializing Sound Submixes...
[2020.07.08-16.07.30:326][  0]LogAudioMixer: Display: Creating Master Submix 'MasterSubmixDefault'
[2020.07.08-16.07.30:326][  0]LogAudioMixer: Display: Creating Master Submix 'MasterReverbSubmixDefault'
[2020.07.08-16.07.30:327][  0]LogAudioMixer: Display: Creating Master Submix 'MasterEQSubmixDefault'
[2020.07.08-16.07.30:328][  0]LogInit: FAudioDevice initialized.
[2020.07.08-16.07.30:329][  0]LogNetVersion: Set ProjectVersion to 1.0.0.0. Version Checksum will be recalculated on next use.
[2020.07.08-16.07.30:395][  0]LogDerivedDataCache: Saved boot cache 0.07s 76MB C:/Users/Quentin/AppData/Local/UnrealEngine/4.25/DerivedDataCache/Boot.ddc.
[2020.07.08-16.07.30:402][  0]LogInit: Texture streaming: Enabled
[2020.07.08-16.07.30:424][  0]LogEngineSessionManager: EngineSessionManager initialized
[2020.07.08-16.07.30:424][  0]LogEditorSessionSummary: Verbose: Initializing EditorSessionSummaryWriter for editor session tracking
[2020.07.08-16.07.30:429][  0]LogEditorSessionSummary: EditorSessionSummaryWriter initialized
[2020.07.08-16.07.30:499][  0]LogInit: Transaction tracking system initialized
[2020.07.08-16.07.30:528][  0]BlueprintLog: New page: Editor Load
[2020.07.08-16.07.30:616][  0]LocalizationService: Localization service is disabled
[2020.07.08-16.07.30:798][  0]LogCook: Display: Max memory allowance for cook 16384mb min free memory 0mb
[2020.07.08-16.07.30:798][  0]LogCook: Display: Mobile HDR setting 1
[2020.07.08-16.07.30:978][  0]LogFileCache: Scanning file cache for directory 'D:/Rune/Rune/Content/' took 0.01s
[2020.07.08-16.07.31:262][  0]SourceControl: Source control is disabled
[2020.07.08-16.07.31:262][  0]LogUnrealEdMisc: Loading editor; pre map load, took 8.960
[2020.07.08-16.07.31:262][  0]Cmd: MAP LOAD FILE="../../../../../../Rune/Rune/Content/ThirdPersonBP/Maps/ThirdPersonExampleMap.umap" TEMPLATE=0 SHOWPROGRESS=1 FEATURELEVEL=3
[2020.07.08-16.07.31:262][  0]LightingResults: New page: Lighting Build
[2020.07.08-16.07.31:263][  0]LogWorld: UWorld::CleanupWorld for Untitled, bSessionEnded=true, bCleanupResources=true
[2020.07.08-16.07.31:263][  0]LogSlate: InvalidateAllWidgets triggered.  All widgets were invalidated
[2020.07.08-16.07.31:263][  0]MapCheck: New page: Map Check
[2020.07.08-16.07.31:263][  0]LightingResults: New page: Lighting Build
[2020.07.08-16.07.31:273][  0]LogAISub: UAISubsystem::~UAISubsystem EnvQueryManager (0000028896137C00), frame # 0
[2020.07.08-16.07.31:273][  0]LogAISub: UAISubsystem::~UAISubsystem AIPerceptionSystem (00000288961E51C0), frame # 0
[2020.07.08-16.07.31:274][  0]LogUObjectHash: Compacting FUObjectHashTables data took   0.69ms
[2020.07.08-16.07.41:034][  0]LogAIModule: Creating AISystem for world ThirdPersonExampleMap
[2020.07.08-16.07.41:034][  0]LogAISub: UAISubsystem::UAISubsystem EnvQueryManager (000002888AB17E00), frame # 0
[2020.07.08-16.07.41:034][  0]LogAISub: UAISubsystem::UAISubsystem AIPerceptionSystem (000002888AA7FB00), frame # 0
[2020.07.08-16.07.41:061][  0]LogEditorServer: Finished looking for orphan Actors (0.000 secs)
[2020.07.08-16.07.41:078][  0]LogUObjectHash: Compacting FUObjectHashTables data took   1.60ms
[2020.07.08-16.07.41:079][  0]Cmd: MAP CHECKDEP NOCLEARLOG
[2020.07.08-16.07.41:079][  0]MapCheck: Map check complete: 0 Error(s), 0 Warning(s), took 0,115ms to complete.
[2020.07.08-16.07.41:079][  0]LogFileHelpers: Loading map 'ThirdPersonExampleMap' took 9.817
[2020.07.08-16.07.41:079][  0]LogAssetRegistry: Flushing asset discovery search because of synchronous request, this can take several seconds...
[2020.07.08-16.07.41:101][  0]LogAssetRegistry: Asset discovery search completed in 0.0217 seconds
[2020.07.08-16.07.41:110][  0]LogCollectionManager: Loaded 0 collections in 0.000780 seconds
[2020.07.08-16.07.41:113][  0]LogFileCache: Scanning file cache for directory 'D:/Rune/Rune/Saved/Collections/' took 0.00s
[2020.07.08-16.07.41:113][  0]LogFileCache: Scanning file cache for directory 'D:/Rune/Rune/Content/Developers/Quentin/Collections/' took 0.00s
[2020.07.08-16.07.41:113][  0]LogFileCache: Scanning file cache for directory 'D:/Rune/Rune/Content/Collections/' took 0.00s
[2020.07.08-16.07.41:113][  0]LogCollectionManager: Fixed up redirectors for 0 collections in 0.000004 seconds (updated 0 objects)
[2020.07.08-16.07.41:115][  0]LogUnrealEdMisc: Total Editor Startup Time, took 18.813
[2020.07.08-16.07.41:302][  0]LogSlate: Updating window title bar state: overlay mode, drag disabled, window buttons hidden, title bar hidden
[2020.07.08-16.07.41:311][  0]LogSlate: Updating window title bar state: overlay mode, drag disabled, window buttons hidden, title bar hidden
[2020.07.08-16.07.41:319][  0]LogSlate: Updating window title bar state: overlay mode, drag disabled, window buttons hidden, title bar hidden
[2020.07.08-16.07.41:328][  0]LogSlate: Updating window title bar state: overlay mode, drag disabled, window buttons hidden, title bar hidden
[2020.07.08-16.07.41:347][  0]LogContentBrowser: Native class hierarchy populated in 0.0088 seconds. Added 3437 classes and 827 folders.
[2020.07.08-16.07.41:352][  0]LogContentBrowser: Native class hierarchy updated for 'WidgetCarousel' in 0.0002 seconds. Added 0 classes and 0 folders.
[2020.07.08-16.07.41:702][  0]LogContentBrowser: Native class hierarchy updated for 'AddContentDialog' in 0.0003 seconds. Added 0 classes and 0 folders.
[2020.07.08-16.07.41:703][  0]LogContentBrowser: Native class hierarchy updated for 'SceneOutliner' in 0.0002 seconds. Added 2 classes and 0 folders.
[2020.07.08-16.07.41:765][  0]LogSlate: Took 0.000179 seconds to synchronously load lazily loaded font '../../../Engine/Content/Slate/Fonts/Roboto-Regular.ttf' (155K)
[2020.07.08-16.07.41:766][  0]LogSlate: Took 0.000110 seconds to synchronously load lazily loaded font '../../../Engine/Content/Slate/Fonts/Roboto-Bold.ttf' (160K)
[2020.07.08-16.07.41:779][  0]LogSlate: Took 0.007933 seconds to synchronously load lazily loaded font '../../../Engine/Content/Editor/Slate/Fonts/FontAwesome.ttf' (139K)
[2020.07.08-16.07.42:027][  0]LogRenderer: Reallocating scene render targets to support 1208x572 Format 10 NumSamples 1 (Frame:1).
[2020.07.08-16.07.42:107][  0]LogSlate: Took 0.004395 seconds to synchronously load lazily loaded font '../../../Engine/Content/Slate/Fonts/Roboto-Light.ttf' (167K)
[2020.07.08-16.07.42:196][  0]LogContentBrowser: Native class hierarchy updated for 'HierarchicalLODOutliner' in 0.0003 seconds. Added 0 classes and 0 folders.
[2020.07.08-16.07.42:196][  0]LogLoad: (Engine Initialization) Total time: 19.89 seconds
[2020.07.08-16.07.42:196][  0]LogLoad: (Engine Initialization) Total Blueprint compile time: 0.00 seconds
[2020.07.08-16.07.42:245][  0]LogContentStreaming: Texture pool size now 1000 MB
[2020.07.08-16.07.42:265][  1]LogSubstanceLiveLink: Warning: Unable to send data along socket, closing connection
[2020.07.08-16.07.43:273][ 56]LogSlate: Took 0.000175 seconds to synchronously load lazily loaded font '../../../Engine/Content/Slate/Fonts/Roboto-Light.ttf' (167K)
[2020.07.08-16.07.43:301][ 56]LogAssetEditorSubsystem: Opening Asset editor for Blueprint /Game/ThirdPersonBP/Blueprints/ThirdPersonCharacter.ThirdPersonCharacter
[2020.07.08-16.07.43:840][ 56]LogContentBrowser: Native class hierarchy updated for 'BlueprintGraph' in 0.0005 seconds. Added 125 classes and 0 folders.
[2020.07.08-16.07.45:006][ 56]LogAssetEditorSubsystem: Opening Asset editor for Blueprint /Game/CHaracters/Player/CH_FirstCharacter.CH_FirstCharacter
[2020.07.08-16.07.45:538][ 56]LogAssetEditorSubsystem: Opening Asset editor for WidgetBlueprint /Game/UI/UI_HUD.UI_HUD
[2020.07.08-16.07.46:344][ 56]LogSlate: Took 0.000172 seconds to synchronously load lazily loaded font '../../../Engine/Content/Slate/Fonts/Roboto-BoldCondensed.ttf' (158K)
[2020.07.08-16.07.46:537][ 57]LogSlate: Took 0.005665 seconds to synchronously load lazily loaded font '../../../Engine/Content/Slate/Fonts/Roboto-Italic.ttf' (157K)
[2020.07.08-16.07.51:289][294]LogSlate: Window 'CH_FirstCharacter' being destroyed
[2020.07.08-16.07.53:787][434]LogTemp: Repeating last play command: Selected Viewport
[2020.07.08-16.07.53:805][434]LogPlayLevel: PlayLevel: No blueprints needed recompiling
[2020.07.08-16.07.53:806][434]PIE: New page: PIE session: ThirdPersonExampleMap (8 juil. 2020 à 20:07:53)
[2020.07.08-16.07.53:807][434]LogOnline: OSS: Creating online subsystem instance for: NULL
[2020.07.08-16.07.53:808][434]LogOnline: OSS: TryLoadSubsystemAndSetDefault: Loaded subsystem for module [NULL]
[2020.07.08-16.07.53:809][434]LogPlayLevel: Creating play world package: /Game/ThirdPersonBP/Maps/UEDPIE_0_ThirdPersonExampleMap
[2020.07.08-16.07.53:842][434]LogPlayLevel: PIE: StaticDuplicateObject took: (0.033636s)
[2020.07.08-16.07.53:844][434]LogAIModule: Creating AISystem for world ThirdPersonExampleMap
[2020.07.08-16.07.53:844][434]LogAISub: UAISubsystem::UAISubsystem EnvQueryManager (00000288C76F2200), frame # 434
[2020.07.08-16.07.53:844][434]LogAISub: UAISubsystem::UAISubsystem AIPerceptionSystem (00000288EEBDF740), frame # 434
[2020.07.08-16.07.53:844][434]LogPlayLevel: PIE: World Init took: (0.002041s)
[2020.07.08-16.07.53:845][434]LogPlayLevel: PIE: Created PIE world by copying editor world from /Game/ThirdPersonBP/Maps/ThirdPersonExampleMap.ThirdPersonExampleMap to /Game/ThirdPersonBP/Maps/UEDPIE_0_ThirdPersonExampleMap.ThirdPersonExampleMap (0.035989s)
[2020.07.08-16.07.53:910][434]LogUObjectHash: Compacting FUObjectHashTables data took   4.15ms
[2020.07.08-16.07.53:913][434]LogAudioMixer: Display: Audio Mixer Platform Settings:
[2020.07.08-16.07.53:913][434]LogAudioMixer: Display: 	Sample Rate:						  48000
[2020.07.08-16.07.53:913][434]LogAudioMixer: Display: 	Callback Buffer Frame Size Requested: 1024
[2020.07.08-16.07.53:913][434]LogAudioMixer: Display: 	Callback Buffer Frame Size To Use:	  1024
[2020.07.08-16.07.53:913][434]LogAudioMixer: Display: 	Number of buffers to queue:			  2
[2020.07.08-16.07.53:913][434]LogAudioMixer: Display: 	Max Channels (voices):				  32
[2020.07.08-16.07.53:913][434]LogAudioMixer: Display: 	Number of Async Source Workers:		  0
[2020.07.08-16.07.53:913][434]LogAudio: Display: AudioDevice MaxSources: 32
[2020.07.08-16.07.53:913][434]LogAudio: Display: Using built-in audio occlusion.
[2020.07.08-16.07.53:913][434]LogAudioMixer: Display: Initializing audio mixer.
[2020.07.08-16.07.53:917][434]LogAudioMixer: Display: 0: FrontLeft
[2020.07.08-16.07.53:917][434]LogAudioMixer: Display: 1: FrontRight
[2020.07.08-16.07.53:956][434]LogAudioMixer: Display: Using Audio Device Haut-parleurs (Realtek High Definition Audio(SST))
[2020.07.08-16.07.53:956][434]LogAudioMixer: Display: Initializing Sound Submixes...
[2020.07.08-16.07.53:956][434]LogAudioMixer: Display: Creating Master Submix 'MasterSubmixDefault'
[2020.07.08-16.07.53:956][434]LogAudioMixer: Display: Creating Master Submix 'MasterReverbSubmixDefault'
[2020.07.08-16.07.53:956][434]LogAudioMixer: Display: Creating Master Submix 'MasterEQSubmixDefault'
[2020.07.08-16.07.53:973][434]LogInit: FAudioDevice initialized.
[2020.07.08-16.07.53:993][434]LogLoad: Game class is 'ThirdPersonGameMode_C'
[2020.07.08-16.07.54:005][434]LogWorld: Bringing World /Game/ThirdPersonBP/Maps/UEDPIE_0_ThirdPersonExampleMap.ThirdPersonExampleMap up for play (max tick rate 60) at 2020.07.08-18.07.54
[2020.07.08-16.07.54:005][434]LogWorld: Bringing up level for play took: 0.010779
[2020.07.08-16.07.54:005][434]LogOnline: OSS: Creating online subsystem instance for: :Context_5
[2020.07.08-16.07.54:009][434]LogContentBrowser: Native class hierarchy updated for 'MovieSceneCapture' in 0.0004 seconds. Added 20 classes and 0 folders.
[2020.07.08-16.07.54:012][434]PIE: Server logged in
[2020.07.08-16.07.54:014][434]PIE: Play in editor total start time 0,211 seconds.
[2020.07.08-16.07.54:097][434]LogSlate: New Slate User Created.  User Index 1, Is Virtual User: 0
[2020.07.08-16.07.54:098][434]LogSlate: Slate User Registered.  User Index 1, Is Virtual User: 0
[2020.07.08-16.07.59:479][726]LogSlate: Updating window title bar state: overlay mode, drag disabled, window buttons hidden, title bar hidden
[2020.07.08-16.07.59:480][726]LogWorld: BeginTearingDown for /Game/ThirdPersonBP/Maps/UEDPIE_0_ThirdPersonExampleMap
[2020.07.08-16.07.59:480][726]LogWorld: UWorld::CleanupWorld for ThirdPersonExampleMap, bSessionEnded=true, bCleanupResources=true
[2020.07.08-16.07.59:481][726]LogSlate: InvalidateAllWidgets triggered.  All widgets were invalidated
[2020.07.08-16.07.59:490][726]LogPlayLevel: Display: Shutting down PIE online subsystems
[2020.07.08-16.07.59:497][726]LogSlate: InvalidateAllWidgets triggered.  All widgets were invalidated
[2020.07.08-16.07.59:563][726]LogSlate: Updating window title bar state: overlay mode, drag disabled, window buttons hidden, title bar hidden
[2020.07.08-16.07.59:591][726]LogAISub: UAISubsystem::~UAISubsystem EnvQueryManager (00000288C76F2200), frame # 726
[2020.07.08-16.07.59:591][726]LogAISub: UAISubsystem::~UAISubsystem AIPerceptionSystem (00000288EEBDF740), frame # 726
[2020.07.08-16.07.59:600][726]LogUObjectHash: Compacting FUObjectHashTables data took   4.54ms
[2020.07.08-16.07.59:641][727]LogPlayLevel: Display: Destroying online subsystem :Context_5
[2020.07.08-16.08.03:114][929]LogEditorViewport: Clicking on Actor (context menu): StaticMeshActor (Layout_008_cour)
[2020.07.08-16.08.03:489][929]LogEditorViewport: Clicking on Actor (context menu): StaticMeshActor (Layout_008_pCube61)
[2020.07.08-16.08.03:610][929]LogEditorViewport: Clicking on Actor (context menu): StaticMeshActor (Layout_008_cour)
[2020.07.08-16.08.08:935][240]LogEditorViewport: Clicking on Actor (context menu): StaticMeshActor (Layout_008_pCube41)
[2020.07.08-16.08.09:091][240]LogEditorViewport: Clicking on Component (context menu): StaticMeshComponent (StaticMeshComponent0)
[2020.07.08-16.08.09:734][266]LogEditorViewport: Clicking on Component (context menu): StaticMeshComponent (StaticMeshComponent0)
[2020.07.08-16.08.10:379][303]LogEditorViewport: Clicking on Actor (LMB): StaticMeshActor (Layout_008_pCube39)
[2020.07.08-16.08.24:085][ 84]LogEditorViewport: Clicking on Actor (LMB): BP_Sky_Sphere_C (SkySphereBlueprint)
[2020.07.08-16.08.25:570][164]LogUObjectHash: Compacting FUObjectHashTables data took   3.23ms
[2020.07.08-16.08.25:671][164]LogSavePackage: Moving '../../../../../../Rune/Rune/Saved/ThirdPersonExampleMapA86B294246909C6E1F754AA6749E9F5A.tmp' to '../../../../../../Rune/Rune/Content/ThirdPersonBP/Maps/ThirdPersonExampleMap.umap'
[2020.07.08-16.08.25:708][164]Cmd: OBJ SAVEPACKAGE PACKAGE="/Game/ThirdPersonBP/Maps/ThirdPersonExampleMap_BuiltData" FILE="../../../../../../Rune/Rune/Content/ThirdPersonBP/Maps/ThirdPersonExampleMap_BuiltData.uasset" SILENT=true
[2020.07.08-16.08.26:379][164]LogSavePackage: Moving '../../../../../../Rune/Rune/Saved/ThirdPersonExampleMap_BuiltData572B0144493EE1D256EE70A7A9A44C3F.tmp' to '../../../../../../Rune/Rune/Content/ThirdPersonBP/Maps/ThirdPersonExampleMap_BuiltData.uasset'
[2020.07.08-16.08.26:404][164]AssetCheck: New page: Asset Save: multiple assets
[2020.07.08-16.08.26:404][164]LogContentValidation: Display: Validating World /Game/ThirdPersonBP/Maps/ThirdPersonExampleMap.ThirdPersonExampleMap
[2020.07.08-16.08.26:404][164]LogContentValidation: Display: Validating MapBuildDataRegistry /Game/ThirdPersonBP/Maps/ThirdPersonExampleMap_BuiltData.ThirdPersonExampleMap_BuiltData
[2020.07.08-16.08.28:231][268]LogEditorViewport: Clicking on Actor (LMB): CH_FirstCharacter_C (CH_FirstCharacter)
[2020.07.08-16.08.40:672][988]LogEditorViewport: Clicking on Actor (LMB): CH_FirstCharacter_C (CH_FirstCharacter2)
[2020.07.08-16.08.41:711][ 45]LogEditorViewport: Clicking on Actor (LMB): StaticMeshActor (Layout_008_pCube41)
[2020.07.08-16.08.54:513][808]LogEditorViewport: Clicking on Actor (LMB): CH_FirstCharacter_C (CH_FirstCharacter)
[2020.07.08-16.09.22:111][438]LogEditorViewport: Clicking on Actor (LMB): StaticMeshActor (Layout_008_pCube41)
[2020.07.08-16.09.23:201][500]LogEditorViewport: Clicking on Actor (LMB): CH_FirstCharacter_C (CH_FirstCharacter2)
[2020.07.08-16.10.04:853][883]LogUObjectHash: Compacting FUObjectHashTables data took   3.01ms
[2020.07.08-16.10.04:969][883]LogSavePackage: Moving '../../../../../../Rune/Rune/Saved/ThirdPersonExampleMap31E0F25D43CAD7305E4FF2B4FA6A20BC.tmp' to '../../../../../../Rune/Rune/Content/ThirdPersonBP/Maps/ThirdPersonExampleMap.umap'
[2020.07.08-16.10.05:006][883]Cmd: OBJ SAVEPACKAGE PACKAGE="/Game/ThirdPersonBP/Maps/ThirdPersonExampleMap_BuiltData" FILE="../../../../../../Rune/Rune/Content/ThirdPersonBP/Maps/ThirdPersonExampleMap_BuiltData.uasset" SILENT=true
[2020.07.08-16.10.05:555][883]LogSavePackage: Moving '../../../../../../Rune/Rune/Saved/ThirdPersonExampleMap_BuiltDataFF45E8B4428FF89EF03A29BA9119B96C.tmp' to '../../../../../../Rune/Rune/Content/ThirdPersonBP/Maps/ThirdPersonExampleMap_BuiltData.uasset'
[2020.07.08-16.10.05:592][883]AssetCheck: New page: Asset Save: multiple assets
[2020.07.08-16.10.05:592][883]LogContentValidation: Display: Validating World /Game/ThirdPersonBP/Maps/ThirdPersonExampleMap.ThirdPersonExampleMap
[2020.07.08-16.10.05:592][883]LogContentValidation: Display: Validating MapBuildDataRegistry /Game/ThirdPersonBP/Maps/ThirdPersonExampleMap_BuiltData.ThirdPersonExampleMap_BuiltData
[2020.07.08-16.10.07:307][974]LogTemp: Repeating last play command: Selected Viewport
[2020.07.08-16.10.07:338][974]LogPlayLevel: PlayLevel: No blueprints needed recompiling
[2020.07.08-16.10.07:338][974]PIE: New page: PIE session: ThirdPersonExampleMap (8 juil. 2020 à 20:10:07)
[2020.07.08-16.10.07:338][974]LogPlayLevel: Creating play world package: /Game/ThirdPersonBP/Maps/UEDPIE_0_ThirdPersonExampleMap
[2020.07.08-16.10.07:371][974]LogPlayLevel: PIE: StaticDuplicateObject took: (0.032121s)
[2020.07.08-16.10.07:372][974]LogAIModule: Creating AISystem for world ThirdPersonExampleMap
[2020.07.08-16.10.07:372][974]LogAISub: UAISubsystem::UAISubsystem EnvQueryManager (0000028917EFA400), frame # 7974
[2020.07.08-16.10.07:372][974]LogAISub: UAISubsystem::UAISubsystem AIPerceptionSystem (0000028917548680), frame # 7974
[2020.07.08-16.10.07:373][974]LogPlayLevel: PIE: World Init took: (0.001801s)
[2020.07.08-16.10.07:373][974]LogPlayLevel: PIE: Created PIE world by copying editor world from /Game/ThirdPersonBP/Maps/ThirdPersonExampleMap.ThirdPersonExampleMap to /Game/ThirdPersonBP/Maps/UEDPIE_0_ThirdPersonExampleMap.ThirdPersonExampleMap (0.034183s)
[2020.07.08-16.10.07:412][974]LogUObjectHash: Compacting FUObjectHashTables data took   3.08ms
[2020.07.08-16.10.07:416][974]LogAudioMixer: Display: Audio Mixer Platform Settings:
[2020.07.08-16.10.07:416][974]LogAudioMixer: Display: 	Sample Rate:						  48000
[2020.07.08-16.10.07:416][974]LogAudioMixer: Display: 	Callback Buffer Frame Size Requested: 1024
[2020.07.08-16.10.07:416][974]LogAudioMixer: Display: 	Callback Buffer Frame Size To Use:	  1024
[2020.07.08-16.10.07:416][974]LogAudioMixer: Display: 	Number of buffers to queue:			  2
[2020.07.08-16.10.07:416][974]LogAudioMixer: Display: 	Max Channels (voices):				  32
[2020.07.08-16.10.07:416][974]LogAudioMixer: Display: 	Number of Async Source Workers:		  0
[2020.07.08-16.10.07:416][974]LogAudio: Display: AudioDevice MaxSources: 32
[2020.07.08-16.10.07:416][974]LogAudio: Display: Using built-in audio occlusion.
[2020.07.08-16.10.07:416][974]LogAudioMixer: Display: Initializing audio mixer.
[2020.07.08-16.10.07:420][974]LogAudioMixer: Display: 0: FrontLeft
[2020.07.08-16.10.07:420][974]LogAudioMixer: Display: 1: FrontRight
[2020.07.08-16.10.07:463][974]LogAudioMixer: Display: Using Audio Device Haut-parleurs (Realtek High Definition Audio(SST))
[2020.07.08-16.10.07:463][974]LogAudioMixer: Display: Initializing Sound Submixes...
[2020.07.08-16.10.07:463][974]LogAudioMixer: Display: Creating Master Submix 'MasterSubmixDefault'
[2020.07.08-16.10.07:463][974]LogAudioMixer: Display: Creating Master Submix 'MasterReverbSubmixDefault'
[2020.07.08-16.10.07:464][974]LogAudioMixer: Display: Creating Master Submix 'MasterEQSubmixDefault'
[2020.07.08-16.10.07:465][974]LogInit: FAudioDevice initialized.
[2020.07.08-16.10.07:490][974]LogLoad: Game class is 'ThirdPersonGameMode_C'
[2020.07.08-16.10.07:506][974]LogWorld: Bringing World /Game/ThirdPersonBP/Maps/UEDPIE_0_ThirdPersonExampleMap.ThirdPersonExampleMap up for play (max tick rate 60) at 2020.07.08-18.10.07
[2020.07.08-16.10.07:506][974]LogWorld: Bringing up level for play took: 0.014856
[2020.07.08-16.10.07:506][974]LogOnline: OSS: Creating online subsystem instance for: :Context_10
[2020.07.08-16.10.07:514][974]PIE: Server logged in
[2020.07.08-16.10.07:515][974]PIE: Play in editor total start time 0,19 seconds.
[2020.07.08-16.10.38:161][804]LogSlate: Updating window title bar state: overlay mode, drag disabled, window buttons hidden, title bar hidden
[2020.07.08-16.10.38:162][804]LogWorld: BeginTearingDown for /Game/ThirdPersonBP/Maps/UEDPIE_0_ThirdPersonExampleMap
[2020.07.08-16.10.38:162][804]LogWorld: UWorld::CleanupWorld for ThirdPersonExampleMap, bSessionEnded=true, bCleanupResources=true
[2020.07.08-16.10.38:164][804]LogSlate: InvalidateAllWidgets triggered.  All widgets were invalidated
[2020.07.08-16.10.38:179][804]LogPlayLevel: Display: Shutting down PIE online subsystems
[2020.07.08-16.10.38:185][804]LogSlate: InvalidateAllWidgets triggered.  All widgets were invalidated
[2020.07.08-16.10.38:220][804]LogSlate: Updating window title bar state: overlay mode, drag disabled, window buttons hidden, title bar hidden
[2020.07.08-16.10.38:246][804]LogAISub: UAISubsystem::~UAISubsystem AIPerceptionSystem (0000028917548680), frame # 9804
[2020.07.08-16.10.38:246][804]LogAISub: UAISubsystem::~UAISubsystem EnvQueryManager (0000028917EFA400), frame # 9804
[2020.07.08-16.10.38:250][804]LogUObjectHash: Compacting FUObjectHashTables data took   3.02ms
[2020.07.08-16.10.38:303][805]LogPlayLevel: Display: Destroying online subsystem :Context_10
[2020.07.08-16.11.58:136][444]BlueprintLog: New page: Compile UI_HUD
[2020.07.08-16.11.58:189][444]LogUObjectHash: Compacting FUObjectHashTables data took   2.91ms
[2020.07.08-16.11.58:253][444]LogSlate: Took 0.007266 seconds to synchronously load lazily loaded font '../../../Engine/Content/Slate/Fonts/DroidSansMono.ttf' (77K)
[2020.07.08-16.11.59:244][501]Cmd: OBJ SAVEPACKAGE PACKAGE="/Game/UI/UI_HUD" FILE="../../../../../../Rune/Rune/Content/UI/UI_HUD.uasset" SILENT=true
[2020.07.08-16.11.59:273][501]LogSavePackage: Moving '../../../../../../Rune/Rune/Saved/UI_HUD10E667FB47F11A22C70F4AA7879D8F55.tmp' to '../../../../../../Rune/Rune/Content/UI/UI_HUD.uasset'
[2020.07.08-16.11.59:292][501]AssetCheck: New page: Asset Save: UI_HUD
[2020.07.08-16.11.59:292][501]LogContentValidation: Display: Validating WidgetBlueprint /Game/UI/UI_HUD.UI_HUD
[2020.07.08-16.12.04:358][797]LogUObjectHash: Compacting FUObjectHashTables data took   3.58ms
[2020.07.08-16.12.04:449][797]LogSavePackage: Moving '../../../../../../Rune/Rune/Saved/ThirdPersonExampleMap18B45428404FEEBDA09AEBA5F3A246FA.tmp' to '../../../../../../Rune/Rune/Content/ThirdPersonBP/Maps/ThirdPersonExampleMap.umap'
[2020.07.08-16.12.04:481][797]Cmd: OBJ SAVEPACKAGE PACKAGE="/Game/ThirdPersonBP/Maps/ThirdPersonExampleMap_BuiltData" FILE="../../../../../../Rune/Rune/Content/ThirdPersonBP/Maps/ThirdPersonExampleMap_BuiltData.uasset" SILENT=true
[2020.07.08-16.12.04:941][797]LogSavePackage: Moving '../../../../../../Rune/Rune/Saved/ThirdPersonExampleMap_BuiltDataE46F294A4C167DBBDC42948AA97E5451.tmp' to '../../../../../../Rune/Rune/Content/ThirdPersonBP/Maps/ThirdPersonExampleMap_BuiltData.uasset'
[2020.07.08-16.12.04:960][797]AssetCheck: New page: Asset Save: multiple assets
[2020.07.08-16.12.04:960][797]LogContentValidation: Display: Validating World /Game/ThirdPersonBP/Maps/ThirdPersonExampleMap.ThirdPersonExampleMap
[2020.07.08-16.12.04:960][797]LogContentValidation: Display: Validating MapBuildDataRegistry /Game/ThirdPersonBP/Maps/ThirdPersonExampleMap_BuiltData.ThirdPersonExampleMap_BuiltData
[2020.07.08-16.12.06:382][874]LogTemp: Repeating last play command: Selected Viewport
[2020.07.08-16.12.06:400][874]BlueprintLog: New page: Pre-Play auto-recompile
[2020.07.08-16.12.06:403][874]LogPlayLevel: [PlayLevel] Compiling CH_FirstCharacter before play...
[2020.07.08-16.12.06:494][874]LogUObjectHash: Compacting FUObjectHashTables data took   3.13ms
[2020.07.08-16.12.06:494][874]LogPlayLevel: PlayLevel: Blueprint regeneration took 94 ms (1 blueprints)
[2020.07.08-16.12.06:495][874]PIE: New page: PIE session: ThirdPersonExampleMap (8 juil. 2020 à 20:12:06)
[2020.07.08-16.12.06:538][874]LogPlayLevel: Creating play world package: /Game/ThirdPersonBP/Maps/UEDPIE_0_ThirdPersonExampleMap
[2020.07.08-16.12.06:570][874]LogPlayLevel: PIE: StaticDuplicateObject took: (0.030976s)
[2020.07.08-16.12.06:572][874]LogAIModule: Creating AISystem for world ThirdPersonExampleMap
[2020.07.08-16.12.06:572][874]LogAISub: UAISubsystem::UAISubsystem EnvQueryManager (00000288A4413C00), frame # 14874
[2020.07.08-16.12.06:572][874]LogAISub: UAISubsystem::UAISubsystem AIPerceptionSystem (00000289173E2E80), frame # 14874
[2020.07.08-16.12.06:573][874]LogPlayLevel: PIE: World Init took: (0.003470s)
[2020.07.08-16.12.06:574][874]LogPlayLevel: PIE: Created PIE world by copying editor world from /Game/ThirdPersonBP/Maps/ThirdPersonExampleMap.ThirdPersonExampleMap to /Game/ThirdPersonBP/Maps/UEDPIE_0_ThirdPersonExampleMap.ThirdPersonExampleMap (0.035196s)
[2020.07.08-16.12.06:614][874]LogUObjectHash: Compacting FUObjectHashTables data took   2.66ms
[2020.07.08-16.12.06:614][874]LogAudioMixer: Display: Audio Mixer Platform Settings:
[2020.07.08-16.12.06:615][874]LogAudioMixer: Display: 	Sample Rate:						  48000
[2020.07.08-16.12.06:615][874]LogAudioMixer: Display: 	Callback Buffer Frame Size Requested: 1024
[2020.07.08-16.12.06:615][874]LogAudioMixer: Display: 	Callback Buffer Frame Size To Use:	  1024
[2020.07.08-16.12.06:615][874]LogAudioMixer: Display: 	Number of buffers to queue:			  2
[2020.07.08-16.12.06:615][874]LogAudioMixer: Display: 	Max Channels (voices):				  32
[2020.07.08-16.12.06:615][874]LogAudioMixer: Display: 	Number of Async Source Workers:		  0
[2020.07.08-16.12.06:615][874]LogAudio: Display: AudioDevice MaxSources: 32
[2020.07.08-16.12.06:615][874]LogAudio: Display: Using built-in audio occlusion.
[2020.07.08-16.12.06:615][874]LogAudioMixer: Display: Initializing audio mixer.
[2020.07.08-16.12.06:619][874]LogAudioMixer: Display: 0: FrontLeft
[2020.07.08-16.12.06:619][874]LogAudioMixer: Display: 1: FrontRight
[2020.07.08-16.12.06:657][874]LogAudioMixer: Display: Using Audio Device Haut-parleurs (Realtek High Definition Audio(SST))
[2020.07.08-16.12.06:657][874]LogAudioMixer: Display: Initializing Sound Submixes...
[2020.07.08-16.12.06:657][874]LogAudioMixer: Display: Creating Master Submix 'MasterSubmixDefault'
[2020.07.08-16.12.06:657][874]LogAudioMixer: Display: Creating Master Submix 'MasterReverbSubmixDefault'
[2020.07.08-16.12.06:657][874]LogAudioMixer: Display: Creating Master Submix 'MasterEQSubmixDefault'
[2020.07.08-16.12.06:674][874]LogInit: FAudioDevice initialized.
[2020.07.08-16.12.06:683][874]LogLoad: Game class is 'ThirdPersonGameMode_C'
[2020.07.08-16.12.06:696][874]LogWorld: Bringing World /Game/ThirdPersonBP/Maps/UEDPIE_0_ThirdPersonExampleMap.ThirdPersonExampleMap up for play (max tick rate 60) at 2020.07.08-18.12.06
[2020.07.08-16.12.06:696][874]LogWorld: Bringing up level for play took: 0.012173
[2020.07.08-16.12.06:696][874]LogOnline: OSS: Creating online subsystem instance for: :Context_11
[2020.07.08-16.12.06:702][874]PIE: Server logged in
[2020.07.08-16.12.06:703][874]PIE: Play in editor total start time 0,305 seconds.
[2020.07.08-16.12.22:230][790]LogSlate: Updating window title bar state: overlay mode, drag disabled, window buttons hidden, title bar hidden
[2020.07.08-16.12.22:230][790]LogWorld: BeginTearingDown for /Game/ThirdPersonBP/Maps/UEDPIE_0_ThirdPersonExampleMap
[2020.07.08-16.12.22:231][790]LogWorld: UWorld::CleanupWorld for ThirdPersonExampleMap, bSessionEnded=true, bCleanupResources=true
[2020.07.08-16.12.22:232][790]LogSlate: InvalidateAllWidgets triggered.  All widgets were invalidated
[2020.07.08-16.12.22:245][790]LogPlayLevel: Display: Shutting down PIE online subsystems
[2020.07.08-16.12.22:250][790]LogSlate: InvalidateAllWidgets triggered.  All widgets were invalidated
[2020.07.08-16.12.22:279][790]LogSlate: Updating window title bar state: overlay mode, drag disabled, window buttons hidden, title bar hidden
[2020.07.08-16.12.22:306][790]LogAISub: UAISubsystem::~UAISubsystem AIPerceptionSystem (00000289173E2E80), frame # 15790
[2020.07.08-16.12.22:306][790]LogAISub: UAISubsystem::~UAISubsystem EnvQueryManager (00000288A4413C00), frame # 15790
[2020.07.08-16.12.22:309][790]LogUObjectHash: Compacting FUObjectHashTables data took   2.54ms
[2020.07.08-16.12.22:348][791]LogPlayLevel: Display: Destroying online subsystem :Context_11
[2020.07.08-16.12.38:547][608]Cmd: OBJ SAVEPACKAGE PACKAGE="/Game/CHaracters/Player/CH_FirstCharacter" FILE="../../../../../../Rune/Rune/Content/CHaracters/Player/CH_FirstCharacter.uasset" SILENT=true
[2020.07.08-16.12.38:593][608]LogSavePackage: Moving '../../../../../../Rune/Rune/Saved/CH_FirstCharacterE0ECD6B8459D705E996D98B3B42A9776.tmp' to '../../../../../../Rune/Rune/Content/CHaracters/Player/CH_FirstCharacter.uasset'
[2020.07.08-16.12.38:617][608]AssetCheck: New page: Asset Save: CH_FirstCharacter
[2020.07.08-16.12.38:617][608]LogContentValidation: Display: Validating Blueprint /Game/CHaracters/Player/CH_FirstCharacter.CH_FirstCharacter
[2020.07.08-16.15.15:627][814]LogUObjectHash: Compacting FUObjectHashTables data took   2.84ms
[2020.07.08-16.15.15:736][814]LogSavePackage: Moving '../../../../../../Rune/Rune/Saved/ThirdPersonExampleMap1406BF5F4EE3ECE6D5E0CC901C990CEB.tmp' to '../../../../../../Rune/Rune/Content/ThirdPersonBP/Maps/ThirdPersonExampleMap.umap'
[2020.07.08-16.15.15:773][814]Cmd: OBJ SAVEPACKAGE PACKAGE="/Game/ThirdPersonBP/Maps/ThirdPersonExampleMap_BuiltData" FILE="../../../../../../Rune/Rune/Content/ThirdPersonBP/Maps/ThirdPersonExampleMap_BuiltData.uasset" SILENT=true
[2020.07.08-16.15.16:259][814]LogSavePackage: Moving '../../../../../../Rune/Rune/Saved/ThirdPersonExampleMap_BuiltData498B327D48AD3654F22019877536C5B3.tmp' to '../../../../../../Rune/Rune/Content/ThirdPersonBP/Maps/ThirdPersonExampleMap_BuiltData.uasset'
[2020.07.08-16.15.16:280][814]AssetCheck: New page: Asset Save: multiple assets
[2020.07.08-16.15.16:280][814]LogContentValidation: Display: Validating World /Game/ThirdPersonBP/Maps/ThirdPersonExampleMap.ThirdPersonExampleMap
[2020.07.08-16.15.16:280][814]LogContentValidation: Display: Validating MapBuildDataRegistry /Game/ThirdPersonBP/Maps/ThirdPersonExampleMap_BuiltData.ThirdPersonExampleMap_BuiltData
[2020.07.08-16.15.17:101][856]LogTemp: Repeating last play command: Selected Viewport
[2020.07.08-16.15.17:469][856]LogPlayLevel: PlayLevel: No blueprints needed recompiling
[2020.07.08-16.15.17:469][856]PIE: New page: PIE session: ThirdPersonExampleMap (8 juil. 2020 à 20:15:17)
[2020.07.08-16.15.17:508][856]LogPlayLevel: Creating play world package: /Game/ThirdPersonBP/Maps/UEDPIE_0_ThirdPersonExampleMap
[2020.07.08-16.15.17:539][856]LogPlayLevel: PIE: StaticDuplicateObject took: (0.030720s)
[2020.07.08-16.15.17:540][856]LogAIModule: Creating AISystem for world ThirdPersonExampleMap
[2020.07.08-16.15.17:541][856]LogAISub: UAISubsystem::UAISubsystem EnvQueryManager (00000288A4686000), frame # 25856
[2020.07.08-16.15.17:541][856]LogAISub: UAISubsystem::UAISubsystem AIPerceptionSystem (0000028896DEC7C0), frame # 25856
[2020.07.08-16.15.17:541][856]LogPlayLevel: PIE: World Init took: (0.002634s)
[2020.07.08-16.15.17:542][856]LogPlayLevel: PIE: Created PIE world by copying editor world from /Game/ThirdPersonBP/Maps/ThirdPersonExampleMap.ThirdPersonExampleMap to /Game/ThirdPersonBP/Maps/UEDPIE_0_ThirdPersonExampleMap.ThirdPersonExampleMap (0.033657s)
[2020.07.08-16.15.17:583][856]LogUObjectHash: Compacting FUObjectHashTables data took   3.03ms
[2020.07.08-16.15.17:584][856]LogAudioMixer: Display: Audio Mixer Platform Settings:
[2020.07.08-16.15.17:584][856]LogAudioMixer: Display: 	Sample Rate:						  48000
[2020.07.08-16.15.17:584][856]LogAudioMixer: Display: 	Callback Buffer Frame Size Requested: 1024
[2020.07.08-16.15.17:584][856]LogAudioMixer: Display: 	Callback Buffer Frame Size To Use:	  1024
[2020.07.08-16.15.17:584][856]LogAudioMixer: Display: 	Number of buffers to queue:			  2
[2020.07.08-16.15.17:584][856]LogAudioMixer: Display: 	Max Channels (voices):				  32
[2020.07.08-16.15.17:584][856]LogAudioMixer: Display: 	Number of Async Source Workers:		  0
[2020.07.08-16.15.17:584][856]LogAudio: Display: AudioDevice MaxSources: 32
[2020.07.08-16.15.17:585][856]LogAudio: Display: Using built-in audio occlusion.
[2020.07.08-16.15.17:585][856]LogAudioMixer: Display: Initializing audio mixer.
[2020.07.08-16.15.17:589][856]LogAudioMixer: Display: 0: FrontLeft
[2020.07.08-16.15.17:589][856]LogAudioMixer: Display: 1: FrontRight
[2020.07.08-16.15.17:627][856]LogAudioMixer: Display: Using Audio Device Haut-parleurs (Realtek High Definition Audio(SST))
[2020.07.08-16.15.17:627][856]LogAudioMixer: Display: Initializing Sound Submixes...
[2020.07.08-16.15.17:627][856]LogAudioMixer: Display: Creating Master Submix 'MasterSubmixDefault'
[2020.07.08-16.15.17:627][856]LogAudioMixer: Display: Creating Master Submix 'MasterReverbSubmixDefault'
[2020.07.08-16.15.17:627][856]LogAudioMixer: Display: Creating Master Submix 'MasterEQSubmixDefault'
[2020.07.08-16.15.17:643][856]LogInit: FAudioDevice initialized.
[2020.07.08-16.15.17:652][856]LogLoad: Game class is 'ThirdPersonGameMode_C'
[2020.07.08-16.15.17:664][856]LogWorld: Bringing World /Game/ThirdPersonBP/Maps/UEDPIE_0_ThirdPersonExampleMap.ThirdPersonExampleMap up for play (max tick rate 60) at 2020.07.08-18.15.17
[2020.07.08-16.15.17:664][856]LogWorld: Bringing up level for play took: 0.011038
[2020.07.08-16.15.17:665][856]LogOnline: OSS: Creating online subsystem instance for: :Context_12
[2020.07.08-16.15.17:671][856]PIE: Server logged in
[2020.07.08-16.15.17:672][856]PIE: Play in editor total start time 0,204 seconds.
[2020.07.08-16.15.23:901][218]LogSlate: Updating window title bar state: overlay mode, drag disabled, window buttons hidden, title bar hidden
[2020.07.08-16.15.23:901][218]LogWorld: BeginTearingDown for /Game/ThirdPersonBP/Maps/UEDPIE_0_ThirdPersonExampleMap
[2020.07.08-16.15.23:901][218]LogWorld: UWorld::CleanupWorld for ThirdPersonExampleMap, bSessionEnded=true, bCleanupResources=true
[2020.07.08-16.15.23:903][218]LogSlate: InvalidateAllWidgets triggered.  All widgets were invalidated
[2020.07.08-16.15.23:926][218]LogPlayLevel: Display: Shutting down PIE online subsystems
[2020.07.08-16.15.23:931][218]LogSlate: InvalidateAllWidgets triggered.  All widgets were invalidated
[2020.07.08-16.15.23:983][218]LogSlate: Updating window title bar state: overlay mode, drag disabled, window buttons hidden, title bar hidden
[2020.07.08-16.15.23:984][218]LogAISub: UAISubsystem::~UAISubsystem AIPerceptionSystem (0000028896DEC7C0), frame # 26218
[2020.07.08-16.15.23:984][218]LogAISub: UAISubsystem::~UAISubsystem EnvQueryManager (00000288A4686000), frame # 26218
[2020.07.08-16.15.23:988][218]LogUObjectHash: Compacting FUObjectHashTables data took   2.54ms
[2020.07.08-16.15.24:027][219]LogPlayLevel: Display: Destroying online subsystem :Context_12
[2020.07.08-16.16.34:776][238]LogSlate: Window 'Project Settings' being destroyed
[2020.07.08-16.16.34:784][238]LogSlate: Window 'Project Settings' being destroyed
[2020.07.08-16.16.35:624][286]LogEditorViewport: Clicking on Actor (LMB): StaticMeshActor (Layout_008_pCube41)
[2020.07.08-16.16.38:368][434]LogUObjectHash: Compacting FUObjectHashTables data took   4.36ms
[2020.07.08-16.16.38:469][434]LogSavePackage: Moving '../../../../../../Rune/Rune/Saved/ThirdPersonExampleMap97106A7549CB3F1DE5CEC5925D0BF8B0.tmp' to '../../../../../../Rune/Rune/Content/ThirdPersonBP/Maps/ThirdPersonExampleMap.umap'
[2020.07.08-16.16.38:504][434]Cmd: OBJ SAVEPACKAGE PACKAGE="/Game/ThirdPersonBP/Maps/ThirdPersonExampleMap_BuiltData" FILE="../../../../../../Rune/Rune/Content/ThirdPersonBP/Maps/ThirdPersonExampleMap_BuiltData.uasset" SILENT=true
[2020.07.08-16.16.39:023][434]LogSavePackage: Moving '../../../../../../Rune/Rune/Saved/ThirdPersonExampleMap_BuiltDataEADA682341DA0B84F663B1A7649BFE38.tmp' to '../../../../../../Rune/Rune/Content/ThirdPersonBP/Maps/ThirdPersonExampleMap_BuiltData.uasset'
[2020.07.08-16.16.39:046][434]AssetCheck: New page: Asset Save: multiple assets
[2020.07.08-16.16.39:046][434]LogContentValidation: Display: Validating World /Game/ThirdPersonBP/Maps/ThirdPersonExampleMap.ThirdPersonExampleMap
[2020.07.08-16.16.39:046][434]LogContentValidation: Display: Validating MapBuildDataRegistry /Game/ThirdPersonBP/Maps/ThirdPersonExampleMap_BuiltData.ThirdPersonExampleMap_BuiltData
[2020.07.08-16.16.40:310][500]LogTemp: Repeating last play command: Selected Viewport
[2020.07.08-16.16.40:332][500]LogPlayLevel: PlayLevel: No blueprints needed recompiling
[2020.07.08-16.16.40:332][500]PIE: New page: PIE session: ThirdPersonExampleMap (8 juil. 2020 à 20:16:40)
[2020.07.08-16.16.40:332][500]LogPlayLevel: Creating play world package: /Game/ThirdPersonBP/Maps/UEDPIE_0_ThirdPersonExampleMap
[2020.07.08-16.16.40:365][500]LogPlayLevel: PIE: StaticDuplicateObject took: (0.032922s)
[2020.07.08-16.16.40:366][500]LogAIModule: Creating AISystem for world ThirdPersonExampleMap
[2020.07.08-16.16.40:366][500]LogAISub: UAISubsystem::UAISubsystem EnvQueryManager (00000288F9843600), frame # 30500
[2020.07.08-16.16.40:366][500]LogAISub: UAISubsystem::UAISubsystem AIPerceptionSystem (00000289173E2480), frame # 30500
[2020.07.08-16.16.40:367][500]LogPlayLevel: PIE: World Init took: (0.001724s)
[2020.07.08-16.16.40:367][500]LogPlayLevel: PIE: Created PIE world by copying editor world from /Game/ThirdPersonBP/Maps/ThirdPersonExampleMap.ThirdPersonExampleMap to /Game/ThirdPersonBP/Maps/UEDPIE_0_ThirdPersonExampleMap.ThirdPersonExampleMap (0.034902s)
[2020.07.08-16.16.40:441][500]LogUObjectHash: Compacting FUObjectHashTables data took   4.18ms
[2020.07.08-16.16.40:445][500]LogAudioMixer: Display: Audio Mixer Platform Settings:
[2020.07.08-16.16.40:445][500]LogAudioMixer: Display: 	Sample Rate:						  48000
[2020.07.08-16.16.40:445][500]LogAudioMixer: Display: 	Callback Buffer Frame Size Requested: 1024
[2020.07.08-16.16.40:445][500]LogAudioMixer: Display: 	Callback Buffer Frame Size To Use:	  1024
[2020.07.08-16.16.40:445][500]LogAudioMixer: Display: 	Number of buffers to queue:			  2
[2020.07.08-16.16.40:445][500]LogAudioMixer: Display: 	Max Channels (voices):				  32
[2020.07.08-16.16.40:445][500]LogAudioMixer: Display: 	Number of Async Source Workers:		  0
[2020.07.08-16.16.40:445][500]LogAudio: Display: AudioDevice MaxSources: 32
[2020.07.08-16.16.40:445][500]LogAudio: Display: Using built-in audio occlusion.
[2020.07.08-16.16.40:445][500]LogAudioMixer: Display: Initializing audio mixer.
[2020.07.08-16.16.40:451][500]LogAudioMixer: Display: 0: FrontLeft
[2020.07.08-16.16.40:451][500]LogAudioMixer: Display: 1: FrontRight
[2020.07.08-16.16.40:496][500]LogAudioMixer: Display: Using Audio Device Haut-parleurs (Realtek High Definition Audio(SST))
[2020.07.08-16.16.40:496][500]LogAudioMixer: Display: Initializing Sound Submixes...
[2020.07.08-16.16.40:496][500]LogAudioMixer: Display: Creating Master Submix 'MasterSubmixDefault'
[2020.07.08-16.16.40:496][500]LogAudioMixer: Display: Creating Master Submix 'MasterReverbSubmixDefault'
[2020.07.08-16.16.40:497][500]LogAudioMixer: Display: Creating Master Submix 'MasterEQSubmixDefault'
[2020.07.08-16.16.40:519][500]LogInit: FAudioDevice initialized.
[2020.07.08-16.16.40:529][500]LogLoad: Game class is 'ThirdPersonGameMode_C'
[2020.07.08-16.16.40:543][500]LogWorld: Bringing World /Game/ThirdPersonBP/Maps/UEDPIE_0_ThirdPersonExampleMap.ThirdPersonExampleMap up for play (max tick rate 60) at 2020.07.08-18.16.40
[2020.07.08-16.16.40:543][500]LogWorld: Bringing up level for play took: 0.013026
[2020.07.08-16.16.40:543][500]LogOnline: OSS: Creating online subsystem instance for: :Context_13
[2020.07.08-16.16.40:548][500]PIE: Server logged in
[2020.07.08-16.16.40:549][500]PIE: Play in editor total start time 0,22 seconds.
[2020.07.08-16.16.47:881][930]LogSlate: Updating window title bar state: overlay mode, drag disabled, window buttons hidden, title bar hidden
[2020.07.08-16.16.47:881][930]LogWorld: BeginTearingDown for /Game/ThirdPersonBP/Maps/UEDPIE_0_ThirdPersonExampleMap
[2020.07.08-16.16.47:881][930]LogWorld: UWorld::CleanupWorld for ThirdPersonExampleMap, bSessionEnded=true, bCleanupResources=true
[2020.07.08-16.16.47:883][930]LogSlate: InvalidateAllWidgets triggered.  All widgets were invalidated
[2020.07.08-16.16.47:892][930]LogPlayLevel: Display: Shutting down PIE online subsystems
[2020.07.08-16.16.47:898][930]LogSlate: InvalidateAllWidgets triggered.  All widgets were invalidated
[2020.07.08-16.16.47:955][930]LogSlate: Updating window title bar state: overlay mode, drag disabled, window buttons hidden, title bar hidden
[2020.07.08-16.16.47:956][930]LogAISub: UAISubsystem::~UAISubsystem AIPerceptionSystem (00000289173E2480), frame # 30930
[2020.07.08-16.16.47:956][930]LogAISub: UAISubsystem::~UAISubsystem EnvQueryManager (00000288F9843600), frame # 30930
[2020.07.08-16.16.47:960][930]LogUObjectHash: Compacting FUObjectHashTables data took   3.05ms
[2020.07.08-16.16.48:003][931]LogPlayLevel: Display: Destroying online subsystem :Context_13
[2020.07.08-16.18.02:901][363]LogSlate: Window 'Project Settings' being destroyed
[2020.07.08-16.18.02:910][363]LogSlate: Window 'Project Settings' being destroyed
